[16:35:18] [main/INFO] ========================================
[16:35:18] [main/INFO] Minecraft: 1.21
[16:35:18] [main/INFO] Side: server
[16:35:18] [main/INFO] Development: false
[16:35:18] [main/INFO] Version: 16.0.799
[16:35:18] [main/INFO] Loader:
[16:35:18] [main/INFO] - Fabric: 0.16.14
[16:35:18] [main/INFO] - Fabric API: 0.102.0+1.21
[16:35:18] [main/INFO] Dependencies:
[16:35:18] [main/INFO] - Cloth Config: 15.0.140
[16:35:18] [main/INFO] - Architectury: 13.0.8
[16:35:18] [main/INFO] Mixin: 0.8.7
[16:35:18] [main/INFO] OS: Linux 6.8.0-1027-azure (amd64)
[16:35:18] [main/INFO] Java: 21.0.7 (Ubuntu)
[16:35:18] [main/INFO] ========================================
[16:35:18] [main/INFO] Mods:
[16:35:18] [main/INFO] - alternate-current: 1.9.0
[16:35:18] [main/INFO] - ar_com_hjg_pngj: 2.1.0
[16:35:18] [main/INFO] - architectury: 13.0.8
[16:35:18] [main/INFO] - artifacts: 12.0.6
[16:35:18] [main/INFO] - azurelib: 2.3.15
[16:35:18] [main/INFO] - balm-fabric: 21.0.31
[16:35:18] [main/INFO] - betterdungeons: 1.21.1-Fabric-5.1.4
[16:35:18] [main/INFO] - betterfortresses: 1.21.1-Fabric-3.1.3
[16:35:18] [main/INFO] - biomesoplenty: 21.0.0.18
[16:35:18] [main/INFO] - blue_endless_jankson: 1.2.3
[16:35:18] [main/INFO] - c2me: 0.2.0+alpha.11.109+1.21
[16:35:18] [main/INFO] - c2me-base: 0.2.0+alpha.11.109+1.21
[16:35:18] [main/INFO] - c2me-fixes-chunkio-threading-issues: 0.2.0+alpha.11.109+1.21
[16:35:18] [main/INFO] - c2me-fixes-general-threading-issues: 0.2.0+alpha.11.109+1.21
[16:35:18] [main/INFO] - c2me-fixes-worldgen-threading-issues: 0.2.0+alpha.11.109+1.21
[16:35:18] [main/INFO] - c2me-fixes-worldgen-vanilla-bugs: 0.2.0+alpha.11.109+1.21
[16:35:18] [main/INFO] - c2me-notickvd: 0.2.0+alpha.11.109+1.21
[16:35:18] [main/INFO] - c2me-opts-allocs: 0.2.0+alpha.11.109+1.21
[16:35:18] [main/INFO] - c2me-opts-chunk-access: 0.2.0+alpha.11.109+1.21
[16:35:18] [main/INFO] - c2me-opts-chunkio: 0.2.0+alpha.11.109+1.21
[16:35:18] [main/INFO] - c2me-opts-math: 0.2.0+alpha.11.109+1.21
[16:35:18] [main/INFO] - c2me-opts-scheduling: 0.2.0+alpha.11.109+1.21
[16:35:18] [main/INFO] - c2me-opts-worldgen-general: 0.2.0+alpha.11.109+1.21
[16:35:18] [main/INFO] - c2me-opts-worldgen-vanilla: 0.2.0+alpha.11.109+1.21
[16:35:18] [main/INFO] - c2me-rewrites-chunk-serializer: 0.2.0+alpha.11.109+1.21
[16:35:18] [main/INFO] - c2me-rewrites-chunkio: 0.2.0+alpha.11.109+1.21
[16:35:18] [main/INFO] - c2me-server-utils: 0.2.0+alpha.11.109+1.21
[16:35:18] [main/INFO] - c2me-threading-chunkio: 0.2.0+alpha.11.109+1.21
[16:35:18] [main/INFO] - c2me-threading-lighting: 0.2.0+alpha.11.109+1.21
[16:35:18] [main/INFO] - c2me-threading-worldgen: 0.2.0+alpha.11.109+1.21
[16:35:18] [main/INFO] - cardinal-components-base: 6.1.0
[16:35:18] [main/INFO] - cardinal-components-entity: 6.1.0
[16:35:18] [main/INFO] - ce: 2.1.1
[16:35:18] [main/INFO] - chunky: 1.4.16
[16:35:18] [main/INFO] - cloth-basic-math: 0.6.1
[16:35:18] [main/INFO] - cloth-config: 15.0.140
[16:35:18] [main/INFO] - cloth-config: 15.0.140
[16:35:18] [main/INFO] - clumps: 18.0.0.2
[16:35:18] [main/INFO] - collective: 7.93
[16:35:18] [main/INFO] - com_electronwill_night-config_core: 3.8.0
[16:35:18] [main/INFO] - com_electronwill_night-config_toml: 3.8.0
[16:35:18] [main/INFO] - com_ibm_async_asyncutil: 0.1.0
[16:35:18] [main/INFO] - com_teamresourceful_bytecodecs: 1.1.2
[16:35:18] [main/INFO] - com_teamresourceful_resourceful-cosmetics-4j: 1.0.3
[16:35:18] [main/INFO] - com_teamresourceful_yabn: 1.0.3
[16:35:18] [main/INFO] - com_velocitypowered_velocity-native: 3.3.0-SNAPSHOT
[16:35:18] [main/INFO] - commonnetworking: 1.0.16-1.21
[16:35:18] [main/INFO] - craftedcore: 5.8
[16:35:18] [main/INFO] - creeperoverhaul: 4.0.6
[16:35:18] [main/INFO] - cristellib: 1.2.8
[16:35:18] [main/INFO] - ctov: 3.5.5
[16:35:18] [main/INFO] - dungeons_arise: 2.1.60
[16:35:18] [main/INFO] - dynamiclights: 1.8.7+mod
[16:35:18] [main/INFO] - elevatorid: 1.21-1.11.1
[16:35:18] [main/INFO] - error_notifier: 1.0.11
[16:35:18] [main/INFO] - expandability: 12.0.0
[16:35:18] [main/INFO] - extracurricularweaponsandtools: 1.0.0
[16:35:18] [main/INFO] - fabric-api: 0.102.0+1.21
[16:35:18] [main/INFO] - fabric-api: 0.102.0+1.21
[16:35:18] [main/INFO] - fabric-api-base: 0.4.42+6573ed8cd1
[16:35:18] [main/INFO] - fabric-api-lookup-api-v1: 1.6.68+b5597344d1
[16:35:18] [main/INFO] - fabric-biome-api-v1: 13.0.29+5bd9f1bcd1
[16:35:18] [main/INFO] - fabric-block-api-v1: 1.0.22+0af3f5a7d1
[16:35:18] [main/INFO] - fabric-block-view-api-v2: 1.0.10+6573ed8cd1
[16:35:18] [main/INFO] - fabric-command-api-v1: 1.2.49+f71b366fd1
[16:35:18] [main/INFO] - fabric-command-api-v2: 2.2.28+6ced4dd9d1
[16:35:18] [main/INFO] - fabric-commands-v0: 0.2.66+df3654b3d1
[16:35:18] [main/INFO] - fabric-content-registries-v0: 8.0.16+b5597344d1
[16:35:18] [main/INFO] - fabric-convention-tags-v1: 2.0.19+7f945d5bd1
[16:35:18] [main/INFO] - fabric-convention-tags-v2: 2.5.0+c5e2b5c6d1
[16:35:18] [main/INFO] - fabric-crash-report-info-v1: 0.2.29+0af3f5a7d1
[16:35:18] [main/INFO] - fabric-data-attachment-api-v1: 1.1.27+6a6dfa19d1
[16:35:18] [main/INFO] - fabric-data-generation-api-v1: 20.2.16+16c4ae25d1
[16:35:18] [main/INFO] - fabric-dimensions-v1: 4.0.0+6fc22b99d1
[16:35:18] [main/INFO] - fabric-entity-events-v1: 1.6.12+6fc22b99d1
[16:35:18] [main/INFO] - fabric-events-interaction-v0: 0.7.12+ba9dae06d1
[16:35:18] [main/INFO] - fabric-game-rule-api-v1: 1.0.53+6ced4dd9d1
[16:35:18] [main/INFO] - fabric-item-api-v1: 11.0.0+afdfc921d1
[16:35:18] [main/INFO] - fabric-item-group-api-v1: 4.1.4+78017270d1
[16:35:18] [main/INFO] - fabric-lifecycle-events-v1: 2.3.12+6c1df360d1
[16:35:18] [main/INFO] - fabric-loot-api-v2: 3.0.14+3f89f5a5d1
[16:35:18] [main/INFO] - fabric-loot-api-v3: 1.0.2+3f89f5a5d1
[16:35:18] [main/INFO] - fabric-message-api-v1: 6.0.13+6573ed8cd1
[16:35:18] [main/INFO] - fabric-networking-api-v1: 4.2.2+60c3209bd1
[16:35:18] [main/INFO] - fabric-object-builder-api-v1: 15.2.0+a551f7a4d1
[16:35:18] [main/INFO] - fabric-particles-v1: 4.0.2+6573ed8cd1
[16:35:18] [main/INFO] - fabric-permissions-api-v0: 0.3.1
[16:35:18] [main/INFO] - fabric-recipe-api-v1: 5.0.12+65089712d1
[16:35:18] [main/INFO] - fabric-registry-sync-v0: 5.1.2+60c3209bd1
[16:35:18] [main/INFO] - fabric-rendering-data-attachment-v1: 0.3.48+73761d2ed1
[16:35:18] [main/INFO] - fabric-rendering-fluids-v1: 3.1.6+b5597344d1
[16:35:18] [main/INFO] - fabric-resource-conditions-api-v1: 4.3.0+8dc279b1d1
[16:35:18] [main/INFO] - fabric-resource-loader-v0: 1.3.0+56599129d1
[16:35:18] [main/INFO] - fabric-screen-handler-api-v1: 1.3.86+b5597344d1
[16:35:18] [main/INFO] - fabric-transfer-api-v1: 5.1.16+3dccd343d1
[16:35:18] [main/INFO] - fabric-transitive-access-wideners-v1: 6.1.0+176f9036d1
[16:35:18] [main/INFO] - fabricloader: 0.16.14
[16:35:18] [main/INFO] - fabricshieldlib: 1.7.2-1.21.1
[16:35:18] [main/INFO] - faster-random: 5.1.0
[16:35:18] [main/INFO] - ferritecore: 7.0.0
[16:35:18] [main/INFO] - forgeconfigapiport: 21.0.8
[16:35:18] [main/INFO] - geckolib: 4.5.8
[16:35:18] [main/INFO] - glitchcore: 2.0.0.3
[16:35:18] [main/INFO] - gravestones: 1.0.9
[16:35:18] [main/INFO] - immersive_optimization: 0.0.5
[16:35:18] [main/INFO] - inventory-organizer: 1.2.22-a
[16:35:18] [main/INFO] - java: 21
[16:35:18] [main/INFO] - journeymap: 1.21-6.0.0-beta.27
[16:35:18] [main/INFO] - journeymap-api-fabric: 2.0.0-1.21-SNAPSHOT
[16:35:18] [main/INFO] - justhammers: 21.0.3
[16:35:18] [main/INFO] - kiss: 0.3.1
[16:35:18] [main/INFO] - krypton: 0.2.8
[16:35:18] [main/INFO] - ksyxis: 1.3.3
[16:35:18] [main/INFO] - kuma_api: 21.0.5-SNAPSHOT
[16:35:18] [main/INFO] - kyrptconfig: 1.6.1-1.20.4
[16:35:18] [main/INFO] - leavesbegone: 21.0.0
[16:35:18] [main/INFO] - lithium: 0.13.1
[16:35:18] [main/INFO] - lithostitched: 1.4.2
[16:35:18] [main/INFO] - mcwdoors: 1.1.2
[16:35:18] [main/INFO] - mcwfurnitures: 3.3.0
[16:35:18] [main/INFO] - mcwlights: 1.1.1
[16:35:18] [main/INFO] - mcwwindows: 2.3.2
[16:35:18] [main/INFO] - midnightlib: 1.5.8
[16:35:18] [main/INFO] - minecraft: 1.21
[16:35:18] [main/INFO] - mixinextras: 0.4.1
[16:35:18] [main/INFO] - mm: 2.3
[16:35:18] [main/INFO] - mob-ai-tweaks: 1.7.7
[16:35:18] [main/INFO] - modernfix: 5.19.1+mc1.21
[16:35:18] [main/INFO] - moremobvariants: 1.3.1.1
[16:35:18] [main/INFO] - mr_dungeons_andtaverns: 1-v4.4.4
[16:35:18] [main/INFO] - mr_gamingbarns_guns: 1-V1.23-data
[16:35:18] [main/INFO] - mr_lukis_grandcapitals: 1.1.1
[16:35:18] [main/INFO] - mr_qraftyfied: 9.1.1
[16:35:18] [main/INFO] - mvs: 4.2.8-1.21-fabric
[16:35:18] [main/INFO] - net_jodah_typetools: 0.6.3
[16:35:18] [main/INFO] - net_objecthunter_exp4j: 0.4.8
[16:35:18] [main/INFO] - net_snackbag_shit_shit: 1.2.3
[16:35:18] [main/INFO] - noisium: 2.3.0+mc1.21-1.21.1
[16:35:18] [main/INFO] - org_javassist_javassist: 3.29.2-GA
[16:35:18] [main/INFO] - org_reflections_reflections: 0.10.2
[16:35:18] [main/INFO] - org_threadly_threadly: 7.0
[16:35:18] [main/INFO] - org_yaml_snakeyaml: 2.2
[16:35:18] [main/INFO] - placeholder-api: 2.4.0+1.21
[16:35:18] [main/INFO] - pneumonocore: 1.1.6
[16:35:18] [main/INFO] - pointblank: 1.9.6
[16:35:18] [main/INFO] - puzzleslib: 21.0.28
[16:35:18] [main/INFO] - resourcefulconfig: 3.0.10
[16:35:18] [main/INFO] - resourcefullib: 3.0.12
[16:35:18] [main/INFO] - roughlyenoughitems: 16.0.799
[16:35:18] [main/INFO] - scalablelux: 0.1.0+fabric.26c6e72
[16:35:18] [main/INFO] - servercore: 1.5.4+1.21
[16:35:18] [main/INFO] - simple_snowy_fix: 2.1.3
[16:35:18] [main/INFO] - smartbrainlib: 1.14.5
[16:35:18] [main/INFO] - space_arim_dazzleconf_dazzleconf-core: 1.3.0-M2
[16:35:18] [main/INFO] - space_arim_dazzleconf_dazzleconf-ext-snakeyaml: 1.3.0-M2
[16:35:18] [main/INFO] - spark: 1.10.109
[16:35:18] [main/INFO] - t_and_t: 1.13.2
[16:35:18] [main/INFO] - tectonic: 2.4.3
[16:35:18] [main/INFO] - terrablender: 4.0.0.2
[16:35:18] [main/INFO] - terralith: 2.5.8
[16:35:18] [main/INFO] - threadtweak: 0.1.4+mc1.21
[16:35:18] [main/INFO] - toughasnails: 10.0.0.12
[16:35:18] [main/INFO] - trashslot: 21.1.2
[16:35:18] [main/INFO] - treeharvester: 9.1
[16:35:18] [main/INFO] - trinkets: 3.10.0
[16:35:18] [main/INFO] - tt20: 0.7.1
[16:35:18] [main/INFO] - usefulbackpacks: ${version}
[16:35:18] [main/INFO] - uteamcore: 5.6.0.328
[16:35:18] [main/INFO] - villagespawnpoint: 4.5
[16:35:18] [main/INFO] - vmp: 0.2.0+beta.7.172+1.21.1
[16:35:18] [main/INFO] - yungsapi: 1.21.1-Fabric-5.1.3
[16:35:18] [main/INFO] ========================================
[16:35:18] [main/INFO] [REI] Registered plugin provider DefaultPlugin [roughlyenoughitems] for REIPlugin
[16:35:18] [main/INFO] [REI] Registered plugin provider DefaultRuntimePlugin [roughlyenoughitems] for REIPlugin
[16:35:18] [main/INFO] [REI] Registered plugin provider DefaultPlugin [roughlyenoughitems] for REIServerPlugin
[16:35:18] [main/INFO] [REI] Registered plugin provider DefaultRuntimePlugin [roughlyenoughitems] for REIServerPlugin
[16:35:18] [main/INFO] [REI] Registered plugin provider FabricFluidAPISupportPlugin for REIServerPlugin
[16:35:18] [main/INFO] [REI] Registered plugin provider FabricFluidAPISupportPlugin for REIPlugin
[16:35:21] [Worker-Main-2/DEBUG] [REI] Processed 0 tags in 5.190 μs for minecraft:worldgen/template_pool
[16:35:21] [Worker-Main-3/DEBUG] [REI] Processed 7 tags in 429.4 μs for minecraft:fluid
[16:35:21] [Worker-Main-1/DEBUG] [REI] Processed 2 tags in 497.1 μs for minecraft:cat_variant
[16:35:21] [Worker-Main-4/DEBUG] [REI] Processed 0 tags in 44.60 μs for minecraft:worldgen/structure
[16:35:21] [Worker-Main-1/DEBUG] [REI] Processed 0 tags in 5.100 μs for minecraft:worldgen/world_preset
[16:35:21] [Worker-Main-1/DEBUG] [REI] Processed 0 tags in 7.564 μs for minecraft:banner_pattern
[16:35:21] [Worker-Main-4/DEBUG] [REI] Processed 0 tags in 4.959 μs for minecraft:worldgen/processor_list
[16:35:21] [Worker-Main-2/DEBUG] [REI] Processed 61 tags in 482.1 μs for minecraft:entity_type
[16:35:21] [Worker-Main-2/DEBUG] [REI] Processed 0 tags in 30.93 μs for minecraft:enchantment
[16:35:21] [Worker-Main-2/DEBUG] [REI] Processed 3 tags in 33.31 μs for minecraft:point_of_interest_type
[16:35:21] [Worker-Main-2/DEBUG] [REI] Processed 0 tags in 7.874 μs for minecraft:dimension_type
[16:35:21] [Worker-Main-2/DEBUG] [REI] Processed 1 tags in 18.02 μs for minecraft:mob_effect
[16:35:21] [Worker-Main-2/DEBUG] [REI] Processed 0 tags in 21.50 μs for minecraft:damage_type
[16:35:21] [Worker-Main-2/DEBUG] [REI] Processed 3 tags in 23.92 μs for minecraft:instrument
[16:35:21] [Worker-Main-2/DEBUG] [REI] Processed 5 tags in 98.30 μs for minecraft:game_event
[16:35:21] [Worker-Main-2/DEBUG] [REI] Processed 0 tags in 4.007 μs for minecraft:painting_variant
[16:35:21] [Worker-Main-2/DEBUG] [REI] Processed 0 tags in 5.160 μs for minecraft:trim_material
[16:35:21] [Worker-Main-2/DEBUG] [REI] Processed 0 tags in 4.338 μs for minecraft:worldgen/flat_level_generator_preset
[16:35:21] [Worker-Main-2/DEBUG] [REI] Processed 0 tags in 5.160 μs for minecraft:worldgen/structure_set
[16:35:21] [Worker-Main-4/DEBUG] [REI] Processed 440 tags in 6.350 ms for minecraft:item
[16:35:21] [Worker-Main-3/DEBUG] [REI] Processed 0 tags in 222.1 μs for minecraft:worldgen/biome
[16:35:21] [Worker-Main-1/DEBUG] [REI] Processed 409 tags in 16.04 ms for minecraft:block
[16:35:22] [main/DEBUG] [REI] Starting Reload Plugins of stage null
java.lang.Throwable
	at knot//me.shedaniel.rei.impl.common.plugins.ReloadManagerImpl.reloadPlugins(ReloadManagerImpl.java:110)
	at knot//me.shedaniel.rei.RoughlyEnoughItemsCore.lambda$onInitialize$5(RoughlyEnoughItemsCore.java:163)
	at java.base/java.util.concurrent.CompletableFuture$UniRun.tryFire(CompletableFuture.java:787)
	at java.base/java.util.concurrent.CompletableFuture$Completion.run(CompletableFuture.java:482)
	at knot//net.minecraft.class_4014.method_18365(class_4014.java:69)
	at knot//net.minecraft.class_156.method_43498(class_156.java:1024)
	at knot//net.minecraft.class_156.method_43499(class_156.java:1012)
	at knot//net.minecraft.server.Main.main(Main.java:182)
	at net.fabricmc.loader.impl.game.minecraft.MinecraftGameProvider.launch(MinecraftGameProvider.java:480)
	at net.fabricmc.loader.impl.launch.knot.Knot.launch(Knot.java:74)
	at net.fabricmc.loader.impl.launch.knot.KnotServer.main(KnotServer.java:23)
	at net.fabricmc.loader.impl.launch.server.FabricServerLauncher.main(FabricServerLauncher.java:69)
	at net.fabricmc.installer.ServerLauncher.main(ServerLauncher.java:69)
[16:35:22] [main/DEBUG] [REI] ========================================
[16:35:22] [main/DEBUG] [REI] REIPlugin starting pre-reload for START.
[16:35:22] [main/DEBUG] [REI] Reloadables (7):
[16:35:22] [main/DEBUG] [REI]  - EntryTypeRegistryImpl
[16:35:22] [main/DEBUG] [REI]  - EntrySettingsAdapterRegistryImpl
[16:35:22] [main/DEBUG] [REI]  - RecipeManagerContextImpl
[16:35:22] [main/DEBUG] [REI]  - ItemComparatorRegistryImpl
[16:35:22] [main/DEBUG] [REI]  - FluidComparatorRegistryImpl
[16:35:22] [main/DEBUG] [REI]  - DisplaySerializerRegistryImpl
[16:35:22] [main/DEBUG] [REI]  - FluidSupportProviderImpl
[16:35:22] [main/DEBUG] [REI] Plugins (3):
[16:35:22] [main/DEBUG] [REI]  - (-100.00) DefaultPlugin of DefaultPlugin [roughlyenoughitems]
[16:35:22] [main/DEBUG] [REI]  - (0.00) FabricFluidAPISupportPlugin
[16:35:22] [main/DEBUG] [REI]  - (0.00) DefaultRuntimePlugin of DefaultRuntimePlugin [roughlyenoughitems]
[16:35:22] [main/DEBUG] [REI] ========================================
[16:35:22] [main/TRACE] [REI] [REIPlugin START] Reloading Section: "pre-register/"
[16:35:22] [main/TRACE] [REI] [REIPlugin START] Reloading Section: "pre-register/DefaultPlugin of DefaultPlugin [roughlyenoughitems]/"
[16:35:22] [main/TRACE] [REI] [REIPlugin START] Reloading Section: "pre-register/DefaultPlugin of DefaultPlugin [roughlyenoughitems]/" done in 811.7 μs
[16:35:22] [main/TRACE] [REI] [REIPlugin START] Reloading Section: "pre-register/FabricFluidAPISupportPlugin/"
[16:35:22] [main/TRACE] [REI] [REIPlugin START] Reloading Section: "pre-register/FabricFluidAPISupportPlugin/" done in 70.33 μs
[16:35:22] [main/TRACE] [REI] [REIPlugin START] Reloading Section: "pre-register/DefaultRuntimePlugin of DefaultRuntimePlugin [roughlyenoughitems]/"
[16:35:22] [main/TRACE] [REI] [REIPlugin START] Reloading Section: "pre-register/DefaultRuntimePlugin of DefaultRuntimePlugin [roughlyenoughitems]/" done in 51.53 μs
[16:35:22] [main/TRACE] [REI] [REIPlugin START] Reloading Section: "pre-register/" done in 8.781 ms
[16:35:22] [main/TRACE] [REI] [REIPlugin START] Reloading Section: "pre-stage/"
[16:35:22] [main/TRACE] [REI] [REIPlugin START] Reloading Section: "pre-stage/EntryTypeRegistryImpl/"
[16:35:22] [main/TRACE] [REI] [REIPlugin START] Reloading Section: "pre-stage/EntryTypeRegistryImpl/" done in 200.9 μs
[16:35:22] [main/TRACE] [REI] [REIPlugin START] Reloading Section: "pre-stage/EntrySettingsAdapterRegistryImpl/"
[16:35:22] [main/TRACE] [REI] [REIPlugin START] Reloading Section: "pre-stage/EntrySettingsAdapterRegistryImpl/" done in 50.13 μs
[16:35:22] [main/TRACE] [REI] [REIPlugin START] Reloading Section: "pre-stage/RecipeManagerContextImpl/"
[16:35:22] [main/TRACE] [REI] [REIPlugin START] Reloading Section: "pre-stage/RecipeManagerContextImpl/" done in 41.29 μs
[16:35:22] [main/TRACE] [REI] [REIPlugin START] Reloading Section: "pre-stage/ItemComparatorRegistryImpl/"
[16:35:22] [main/TRACE] [REI] [REIPlugin START] Reloading Section: "pre-stage/ItemComparatorRegistryImpl/" done in 39.79 μs
[16:35:22] [main/TRACE] [REI] [REIPlugin START] Reloading Section: "pre-stage/FluidComparatorRegistryImpl/"
[16:35:22] [main/TRACE] [REI] [REIPlugin START] Reloading Section: "pre-stage/FluidComparatorRegistryImpl/" done in 36.08 μs
[16:35:22] [main/TRACE] [REI] [REIPlugin START] Reloading Section: "pre-stage/DisplaySerializerRegistryImpl/"
[16:35:22] [main/TRACE] [REI] [REIPlugin START] Reloading Section: "pre-stage/DisplaySerializerRegistryImpl/" done in 31.83 μs
[16:35:22] [main/TRACE] [REI] [REIPlugin START] Reloading Section: "pre-stage/FluidSupportProviderImpl/"
[16:35:22] [main/TRACE] [REI] [REIPlugin START] Reloading Section: "pre-stage/FluidSupportProviderImpl/" done in 35.93 μs
[16:35:22] [main/TRACE] [REI] [REIPlugin START] Reloading Section: "pre-stage/" done in 1.118 ms
[16:35:22] [main/DEBUG] [REI] ========================================
[16:35:22] [main/DEBUG] [REI] REIPlugin finished pre-reload for START in 10.37 ms.
[16:35:22] [main/DEBUG] [REI] ========================================
[16:35:22] [main/DEBUG] [REI] ========================================
[16:35:22] [main/DEBUG] [REI] REIServerPlugin starting pre-reload for START.
[16:35:22] [main/DEBUG] [REI] Reloadables (2):
[16:35:22] [main/DEBUG] [REI]  - MenuInfoRegistryImpl
[16:35:22] [main/DEBUG] [REI]  - SlotAccessorRegistryImpl
[16:35:22] [main/DEBUG] [REI] Plugins (3):
[16:35:22] [main/DEBUG] [REI]  - (-100.00) DefaultPlugin of DefaultPlugin [roughlyenoughitems]
[16:35:22] [main/DEBUG] [REI]  - (0.00) FabricFluidAPISupportPlugin
[16:35:22] [main/DEBUG] [REI]  - (0.00) DefaultRuntimePlugin of DefaultRuntimePlugin [roughlyenoughitems]
[16:35:22] [main/DEBUG] [REI] ========================================
[16:35:22] [main/TRACE] [REI] [REIServerPlugin START] Reloading Section: "pre-register/"
[16:35:22] [main/TRACE] [REI] [REIServerPlugin START] Reloading Section: "pre-register/DefaultPlugin of DefaultPlugin [roughlyenoughitems]/"
[16:35:22] [main/TRACE] [REI] [REIServerPlugin START] Reloading Section: "pre-register/DefaultPlugin of DefaultPlugin [roughlyenoughitems]/" done in 44.90 μs
[16:35:22] [main/TRACE] [REI] [REIServerPlugin START] Reloading Section: "pre-register/FabricFluidAPISupportPlugin/"
[16:35:22] [main/TRACE] [REI] [REIServerPlugin START] Reloading Section: "pre-register/FabricFluidAPISupportPlugin/" done in 55.94 μs
[16:35:22] [main/TRACE] [REI] [REIServerPlugin START] Reloading Section: "pre-register/DefaultRuntimePlugin of DefaultRuntimePlugin [roughlyenoughitems]/"
[16:35:22] [main/TRACE] [REI] [REIServerPlugin START] Reloading Section: "pre-register/DefaultRuntimePlugin of DefaultRuntimePlugin [roughlyenoughitems]/" done in 67.50 μs
[16:35:22] [main/TRACE] [REI] [REIServerPlugin START] Reloading Section: "pre-register/" done in 506.4 μs
[16:35:22] [main/TRACE] [REI] [REIServerPlugin START] Reloading Section: "pre-stage/"
[16:35:22] [main/TRACE] [REI] [REIServerPlugin START] Reloading Section: "pre-stage/MenuInfoRegistryImpl/"
[16:35:22] [main/TRACE] [REI] [REIServerPlugin START] Reloading Section: "pre-stage/MenuInfoRegistryImpl/" done in 48.22 μs
[16:35:22] [main/TRACE] [REI] [REIServerPlugin START] Reloading Section: "pre-stage/SlotAccessorRegistryImpl/"
[16:35:22] [main/TRACE] [REI] [REIServerPlugin START] Reloading Section: "pre-stage/SlotAccessorRegistryImpl/" done in 53.41 μs
[16:35:22] [main/TRACE] [REI] [REIServerPlugin START] Reloading Section: "pre-stage/" done in 331.0 μs
[16:35:22] [main/DEBUG] [REI] ========================================
[16:35:22] [main/DEBUG] [REI] REIServerPlugin finished pre-reload for START in 992.5 μs.
[16:35:22] [main/DEBUG] [REI] ========================================
[16:35:22] [main/INFO] [REI] ========================================
[16:35:22] [main/INFO] [REI] REIPlugin starting main-reload for START.
[16:35:22] [main/DEBUG] [REI] Reloadables (7):
[16:35:22] [main/DEBUG] [REI]  - EntryTypeRegistryImpl
[16:35:22] [main/DEBUG] [REI]  - EntrySettingsAdapterRegistryImpl
[16:35:22] [main/DEBUG] [REI]  - RecipeManagerContextImpl
[16:35:22] [main/DEBUG] [REI]  - ItemComparatorRegistryImpl
[16:35:22] [main/DEBUG] [REI]  - FluidComparatorRegistryImpl
[16:35:22] [main/DEBUG] [REI]  - DisplaySerializerRegistryImpl
[16:35:22] [main/DEBUG] [REI]  - FluidSupportProviderImpl
[16:35:22] [main/INFO] [REI] Plugins (3):
[16:35:22] [main/INFO] [REI]  - (-100.00) DefaultPlugin of DefaultPlugin [roughlyenoughitems]
[16:35:22] [main/INFO] [REI]  - (0.00) FabricFluidAPISupportPlugin
[16:35:22] [main/INFO] [REI]  - (0.00) DefaultRuntimePlugin of DefaultRuntimePlugin [roughlyenoughitems]
[16:35:22] [main/INFO] [REI] ========================================
[16:35:22] [main/TRACE] [REI] [REIPlugin START] Reloading Section: "start-reload/"
[16:35:22] [main/TRACE] [REI] [REIPlugin START] Reloading Section: "start-reload/EntryTypeRegistryImpl/"
[16:35:22] [main/TRACE] [REI] [REIPlugin START] Reloading Section: "start-reload/EntryTypeRegistryImpl/" done in 68.42 μs
[16:35:22] [main/TRACE] [REI] [REIPlugin START] Reloading Section: "start-reload/EntrySettingsAdapterRegistryImpl/"
[16:35:22] [main/TRACE] [REI] [REIPlugin START] Reloading Section: "start-reload/EntrySettingsAdapterRegistryImpl/" done in 57.57 μs
[16:35:22] [main/TRACE] [REI] [REIPlugin START] Reloading Section: "start-reload/RecipeManagerContextImpl/"
[16:35:22] [main/TRACE] [REI] [REIPlugin START] Reloading Section: "start-reload/RecipeManagerContextImpl/" done in 44.91 μs
[16:35:22] [main/TRACE] [REI] [REIPlugin START] Reloading Section: "start-reload/ItemComparatorRegistryImpl/"
[16:35:22] [main/TRACE] [REI] [REIPlugin START] Reloading Section: "start-reload/ItemComparatorRegistryImpl/" done in 76.81 μs
[16:35:22] [main/TRACE] [REI] [REIPlugin START] Reloading Section: "start-reload/FluidComparatorRegistryImpl/"
[16:35:22] [main/TRACE] [REI] [REIPlugin START] Reloading Section: "start-reload/FluidComparatorRegistryImpl/" done in 51.35 μs
[16:35:22] [main/TRACE] [REI] [REIPlugin START] Reloading Section: "start-reload/DisplaySerializerRegistryImpl/"
[16:35:22] [main/TRACE] [REI] [REIPlugin START] Reloading Section: "start-reload/DisplaySerializerRegistryImpl/" done in 44.49 μs
[16:35:22] [main/TRACE] [REI] [REIPlugin START] Reloading Section: "start-reload/FluidSupportProviderImpl/"
[16:35:22] [main/TRACE] [REI] [REIPlugin START] Reloading Section: "start-reload/FluidSupportProviderImpl/" done in 58.63 μs
[16:35:22] [main/TRACE] [REI] [REIPlugin START] Reloading Section: "start-reload/" done in 1.121 ms
[16:35:22] [main/DEBUG] [REI] ========================================
[16:35:22] [main/DEBUG] [REI] REIPlugin started main-reload for START.
[16:35:22] [main/DEBUG] [REI] ========================================
[16:35:22] [main/TRACE] [REI] [REIPlugin START] Reloading Section: "reloadable-plugin/EntryTypeRegistryImpl/"
[16:35:22] [main/TRACE] [REI] [REIPlugin START] Reloading Section: "reloadable-plugin/EntryTypeRegistryImpl/DefaultPlugin of DefaultPlugin [roughlyenoughitems]/"
[16:35:22] [main/TRACE] [REI] [REIPlugin START] Reloading Section: "reloadable-plugin/EntryTypeRegistryImpl/DefaultPlugin of DefaultPlugin [roughlyenoughitems]/" done in 234.4 μs
[16:35:22] [main/TRACE] [REI] [REIPlugin START] Reloading Section: "reloadable-plugin/EntryTypeRegistryImpl/FabricFluidAPISupportPlugin/"
[16:35:22] [main/TRACE] [REI] [REIPlugin START] Reloading Section: "reloadable-plugin/EntryTypeRegistryImpl/FabricFluidAPISupportPlugin/" done in 61.47 μs
[16:35:22] [main/TRACE] [REI] [REIPlugin START] Reloading Section: "reloadable-plugin/EntryTypeRegistryImpl/DefaultRuntimePlugin of DefaultRuntimePlugin [roughlyenoughitems]/"
[16:35:22] [main/TRACE] [REI] [REIPlugin START] Reloading Section: "reloadable-plugin/EntryTypeRegistryImpl/DefaultRuntimePlugin of DefaultRuntimePlugin [roughlyenoughitems]/" done in 4.292 ms
[16:35:22] [main/TRACE] [REI] [REIPlugin START] Reloading Section: "reloadable-plugin/EntryTypeRegistryImpl/" done in 5.471 ms
[16:35:22] [main/TRACE] [REI] [REIPlugin START] Reloading Section: "reloadable-plugin/EntrySettingsAdapterRegistryImpl/"
[16:35:22] [main/TRACE] [REI] [REIPlugin START] Reloading Section: "reloadable-plugin/EntrySettingsAdapterRegistryImpl/DefaultPlugin of DefaultPlugin [roughlyenoughitems]/"
[16:35:22] [main/TRACE] [REI] [REIPlugin START] Reloading Section: "reloadable-plugin/EntrySettingsAdapterRegistryImpl/DefaultPlugin of DefaultPlugin [roughlyenoughitems]/" done in 42.78 μs
[16:35:22] [main/TRACE] [REI] [REIPlugin START] Reloading Section: "reloadable-plugin/EntrySettingsAdapterRegistryImpl/FabricFluidAPISupportPlugin/"
[16:35:22] [main/TRACE] [REI] [REIPlugin START] Reloading Section: "reloadable-plugin/EntrySettingsAdapterRegistryImpl/FabricFluidAPISupportPlugin/" done in 54.80 μs
[16:35:22] [main/TRACE] [REI] [REIPlugin START] Reloading Section: "reloadable-plugin/EntrySettingsAdapterRegistryImpl/DefaultRuntimePlugin of DefaultRuntimePlugin [roughlyenoughitems]/"
[16:35:22] [main/TRACE] [REI] [REIPlugin START] Reloading Section: "reloadable-plugin/EntrySettingsAdapterRegistryImpl/DefaultRuntimePlugin of DefaultRuntimePlugin [roughlyenoughitems]/" done in 54.37 μs
[16:35:22] [main/TRACE] [REI] [REIPlugin START] Reloading Section: "reloadable-plugin/EntrySettingsAdapterRegistryImpl/" done in 493.1 μs
[16:35:22] [main/TRACE] [REI] [REIPlugin START] Reloading Section: "reloadable-plugin/RecipeManagerContextImpl/"
[16:35:22] [main/TRACE] [REI] [REIPlugin START] Reloading Section: "reloadable-plugin/RecipeManagerContextImpl/DefaultPlugin of DefaultPlugin [roughlyenoughitems]/"
[16:35:22] [main/TRACE] [REI] [REIPlugin START] Reloading Section: "reloadable-plugin/RecipeManagerContextImpl/DefaultPlugin of DefaultPlugin [roughlyenoughitems]/" done in 47.14 μs
[16:35:22] [main/TRACE] [REI] [REIPlugin START] Reloading Section: "reloadable-plugin/RecipeManagerContextImpl/FabricFluidAPISupportPlugin/"
[16:35:22] [main/TRACE] [REI] [REIPlugin START] Reloading Section: "reloadable-plugin/RecipeManagerContextImpl/FabricFluidAPISupportPlugin/" done in 54.02 μs
[16:35:22] [main/TRACE] [REI] [REIPlugin START] Reloading Section: "reloadable-plugin/RecipeManagerContextImpl/DefaultRuntimePlugin of DefaultRuntimePlugin [roughlyenoughitems]/"
[16:35:22] [main/TRACE] [REI] [REIPlugin START] Reloading Section: "reloadable-plugin/RecipeManagerContextImpl/DefaultRuntimePlugin of DefaultRuntimePlugin [roughlyenoughitems]/" done in 48.86 μs
[16:35:22] [main/TRACE] [REI] [REIPlugin START] Reloading Section: "reloadable-plugin/RecipeManagerContextImpl/" done in 482.6 μs
[16:35:22] [main/TRACE] [REI] [REIPlugin START] Reloading Section: "reloadable-plugin/ItemComparatorRegistryImpl/"
[16:35:22] [main/TRACE] [REI] [REIPlugin START] Reloading Section: "reloadable-plugin/ItemComparatorRegistryImpl/DefaultPlugin of DefaultPlugin [roughlyenoughitems]/"
[16:35:22] [main/TRACE] [REI] [REIPlugin START] Reloading Section: "reloadable-plugin/ItemComparatorRegistryImpl/DefaultPlugin of DefaultPlugin [roughlyenoughitems]/" done in 747.2 μs
[16:35:22] [main/TRACE] [REI] [REIPlugin START] Reloading Section: "reloadable-plugin/ItemComparatorRegistryImpl/FabricFluidAPISupportPlugin/"
[16:35:22] [main/TRACE] [REI] [REIPlugin START] Reloading Section: "reloadable-plugin/ItemComparatorRegistryImpl/FabricFluidAPISupportPlugin/" done in 59.58 μs
[16:35:22] [main/TRACE] [REI] [REIPlugin START] Reloading Section: "reloadable-plugin/ItemComparatorRegistryImpl/DefaultRuntimePlugin of DefaultRuntimePlugin [roughlyenoughitems]/"
[16:35:22] [main/TRACE] [REI] [REIPlugin START] Reloading Section: "reloadable-plugin/ItemComparatorRegistryImpl/DefaultRuntimePlugin of DefaultRuntimePlugin [roughlyenoughitems]/" done in 39.24 μs
[16:35:22] [main/TRACE] [REI] [REIPlugin START] Reloading Section: "reloadable-plugin/ItemComparatorRegistryImpl/" done in 1.170 ms
[16:35:22] [main/TRACE] [REI] [REIPlugin START] Reloading Section: "reloadable-plugin/FluidComparatorRegistryImpl/"
[16:35:22] [main/TRACE] [REI] [REIPlugin START] Reloading Section: "reloadable-plugin/FluidComparatorRegistryImpl/DefaultPlugin of DefaultPlugin [roughlyenoughitems]/"
[16:35:22] [main/TRACE] [REI] [REIPlugin START] Reloading Section: "reloadable-plugin/FluidComparatorRegistryImpl/DefaultPlugin of DefaultPlugin [roughlyenoughitems]/" done in 42.19 μs
[16:35:22] [main/TRACE] [REI] [REIPlugin START] Reloading Section: "reloadable-plugin/FluidComparatorRegistryImpl/FabricFluidAPISupportPlugin/"
[16:35:22] [main/TRACE] [REI] [REIPlugin START] Reloading Section: "reloadable-plugin/FluidComparatorRegistryImpl/FabricFluidAPISupportPlugin/" done in 32.05 μs
[16:35:22] [main/TRACE] [REI] [REIPlugin START] Reloading Section: "reloadable-plugin/FluidComparatorRegistryImpl/DefaultRuntimePlugin of DefaultRuntimePlugin [roughlyenoughitems]/"
[16:35:22] [main/TRACE] [REI] [REIPlugin START] Reloading Section: "reloadable-plugin/FluidComparatorRegistryImpl/DefaultRuntimePlugin of DefaultRuntimePlugin [roughlyenoughitems]/" done in 53.13 μs
[16:35:22] [main/TRACE] [REI] [REIPlugin START] Reloading Section: "reloadable-plugin/FluidComparatorRegistryImpl/" done in 353.8 μs
[16:35:22] [main/TRACE] [REI] [REIPlugin START] Reloading Section: "reloadable-plugin/DisplaySerializerRegistryImpl/"
[16:35:22] [main/TRACE] [REI] [REIPlugin START] Reloading Section: "reloadable-plugin/DisplaySerializerRegistryImpl/DefaultPlugin of DefaultPlugin [roughlyenoughitems]/"
[16:35:22] [main/TRACE] [REI] [REIPlugin START] Reloading Section: "reloadable-plugin/DisplaySerializerRegistryImpl/DefaultPlugin of DefaultPlugin [roughlyenoughitems]/" done in 90.44 μs
[16:35:22] [main/TRACE] [REI] [REIPlugin START] Reloading Section: "reloadable-plugin/DisplaySerializerRegistryImpl/FabricFluidAPISupportPlugin/"
[16:35:22] [main/TRACE] [REI] [REIPlugin START] Reloading Section: "reloadable-plugin/DisplaySerializerRegistryImpl/FabricFluidAPISupportPlugin/" done in 58.22 μs
[16:35:22] [main/TRACE] [REI] [REIPlugin START] Reloading Section: "reloadable-plugin/DisplaySerializerRegistryImpl/DefaultRuntimePlugin of DefaultRuntimePlugin [roughlyenoughitems]/"
[16:35:22] [main/TRACE] [REI] [REIPlugin START] Reloading Section: "reloadable-plugin/DisplaySerializerRegistryImpl/DefaultRuntimePlugin of DefaultRuntimePlugin [roughlyenoughitems]/" done in 42.02 μs
[16:35:22] [main/TRACE] [REI] [REIPlugin START] Reloading Section: "reloadable-plugin/DisplaySerializerRegistryImpl/" done in 458.6 μs
[16:35:22] [main/TRACE] [REI] [REIPlugin START] Reloading Section: "reloadable-plugin/FluidSupportProviderImpl/"
[16:35:22] [main/TRACE] [REI] [REIPlugin START] Reloading Section: "reloadable-plugin/FluidSupportProviderImpl/DefaultPlugin of DefaultPlugin [roughlyenoughitems]/"
[16:35:22] [main/TRACE] [REI] [REIPlugin START] Reloading Section: "reloadable-plugin/FluidSupportProviderImpl/DefaultPlugin of DefaultPlugin [roughlyenoughitems]/" done in 359.1 μs
[16:35:22] [main/TRACE] [REI] [REIPlugin START] Reloading Section: "reloadable-plugin/FluidSupportProviderImpl/FabricFluidAPISupportPlugin/"
[16:35:22] [main/TRACE] [REI] [REIPlugin START] Reloading Section: "reloadable-plugin/FluidSupportProviderImpl/FabricFluidAPISupportPlugin/" done in 1.961 ms
[16:35:22] [main/TRACE] [REI] [REIPlugin START] Reloading Section: "reloadable-plugin/FluidSupportProviderImpl/DefaultRuntimePlugin of DefaultRuntimePlugin [roughlyenoughitems]/"
[16:35:22] [main/TRACE] [REI] [REIPlugin START] Reloading Section: "reloadable-plugin/FluidSupportProviderImpl/DefaultRuntimePlugin of DefaultRuntimePlugin [roughlyenoughitems]/" done in 158.0 μs
[16:35:22] [main/TRACE] [REI] [REIPlugin START] Reloading Section: "reloadable-plugin/FluidSupportProviderImpl/" done in 3.367 ms
[16:35:22] [main/DEBUG] [REI] ========================================
[16:35:22] [main/DEBUG] [REI] REIPlugin ending main-reload for START.
[16:35:22] [main/DEBUG] [REI] ========================================
[16:35:22] [main/TRACE] [REI] [REIPlugin START] Reloading Section: "end-reload/"
[16:35:22] [main/TRACE] [REI] [REIPlugin START] Reloading Section: "end-reload/EntryTypeRegistryImpl/"
[16:35:22] [main/TRACE] [REI] [REIPlugin START] Reloading Section: "end-reload/EntryTypeRegistryImpl/" done in 132.9 μs
[16:35:22] [main/TRACE] [REI] [REIPlugin START] Reloading Section: "end-reload/EntrySettingsAdapterRegistryImpl/"
[16:35:22] [main/TRACE] [REI] [REIPlugin START] Reloading Section: "end-reload/EntrySettingsAdapterRegistryImpl/" done in 106.7 μs
[16:35:22] [main/TRACE] [REI] [REIPlugin START] Reloading Section: "end-reload/RecipeManagerContextImpl/"
[16:35:22] [main/TRACE] [REI] [REIPlugin START] Reloading Section: "end-reload/RecipeManagerContextImpl/" done in 171.4 μs
[16:35:22] [main/TRACE] [REI] [REIPlugin START] Reloading Section: "end-reload/ItemComparatorRegistryImpl/"
[16:35:22] [main/TRACE] [REI] [REIPlugin START] Reloading Section: "end-reload/ItemComparatorRegistryImpl/" done in 132.8 μs
[16:35:22] [main/TRACE] [REI] [REIPlugin START] Reloading Section: "end-reload/FluidComparatorRegistryImpl/"
[16:35:22] [main/TRACE] [REI] [REIPlugin START] Reloading Section: "end-reload/FluidComparatorRegistryImpl/" done in 53.12 μs
[16:35:22] [main/TRACE] [REI] [REIPlugin START] Reloading Section: "end-reload/DisplaySerializerRegistryImpl/"
[16:35:22] [main/TRACE] [REI] [REIPlugin START] Reloading Section: "end-reload/DisplaySerializerRegistryImpl/" done in 42.43 μs
[16:35:22] [main/TRACE] [REI] [REIPlugin START] Reloading Section: "end-reload/FluidSupportProviderImpl/"
[16:35:22] [main/TRACE] [REI] [REIPlugin START] Reloading Section: "end-reload/FluidSupportProviderImpl/" done in 32.89 μs
[16:35:22] [main/TRACE] [REI] [REIPlugin START] Reloading Section: "end-reload/" done in 3.085 ms
[16:35:22] [main/DEBUG] [REI] ========================================
[16:35:22] [main/DEBUG] [REI] REIPlugin ended main-reload for START in 19.76 ms.
[16:35:22] [main/DEBUG] [REI] ========================================
[16:35:22] [main/INFO] [REI] %%%%%%%%%%%%%%%%%%%%%%%%%%%%%%%%%%%%%%%%
[16:35:22] [main/INFO] [REI] REIServerPlugin starting main-reload for START.
[16:35:22] [main/DEBUG] [REI] Reloadables (2):
[16:35:22] [main/DEBUG] [REI]  - MenuInfoRegistryImpl
[16:35:22] [main/DEBUG] [REI]  - SlotAccessorRegistryImpl
[16:35:22] [main/INFO] [REI] Plugins (3):
[16:35:22] [main/INFO] [REI]  - (-100.00) DefaultPlugin of DefaultPlugin [roughlyenoughitems]
[16:35:22] [main/INFO] [REI]  - (0.00) FabricFluidAPISupportPlugin
[16:35:22] [main/INFO] [REI]  - (0.00) DefaultRuntimePlugin of DefaultRuntimePlugin [roughlyenoughitems]
[16:35:22] [main/INFO] [REI] %%%%%%%%%%%%%%%%%%%%%%%%%%%%%%%%%%%%%%%%
[16:35:22] [main/TRACE] [REI] [REIServerPlugin START] Reloading Section: "start-reload/"
[16:35:22] [main/TRACE] [REI] [REIServerPlugin START] Reloading Section: "start-reload/MenuInfoRegistryImpl/"
[16:35:22] [main/TRACE] [REI] [REIServerPlugin START] Reloading Section: "start-reload/MenuInfoRegistryImpl/" done in 38.93 μs
[16:35:22] [main/TRACE] [REI] [REIServerPlugin START] Reloading Section: "start-reload/SlotAccessorRegistryImpl/"
[16:35:22] [main/TRACE] [REI] [REIServerPlugin START] Reloading Section: "start-reload/SlotAccessorRegistryImpl/" done in 36.81 μs
[16:35:22] [main/TRACE] [REI] [REIServerPlugin START] Reloading Section: "start-reload/" done in 295.5 μs
[16:35:22] [main/DEBUG] [REI] ========================================
[16:35:22] [main/DEBUG] [REI] REIServerPlugin started main-reload for START.
[16:35:22] [main/DEBUG] [REI] ========================================
[16:35:22] [main/TRACE] [REI] [REIServerPlugin START] Reloading Section: "reloadable-plugin/MenuInfoRegistryImpl/"
[16:35:22] [main/TRACE] [REI] [REIServerPlugin START] Reloading Section: "reloadable-plugin/MenuInfoRegistryImpl/DefaultPlugin of DefaultPlugin [roughlyenoughitems]/"
[16:35:22] [main/TRACE] [REI] [REIServerPlugin START] Reloading Section: "reloadable-plugin/MenuInfoRegistryImpl/DefaultPlugin of DefaultPlugin [roughlyenoughitems]/" done in 50.87 μs
[16:35:22] [main/TRACE] [REI] [REIServerPlugin START] Reloading Section: "reloadable-plugin/MenuInfoRegistryImpl/FabricFluidAPISupportPlugin/"
[16:35:22] [main/TRACE] [REI] [REIServerPlugin START] Reloading Section: "reloadable-plugin/MenuInfoRegistryImpl/FabricFluidAPISupportPlugin/" done in 47.37 μs
[16:35:22] [main/TRACE] [REI] [REIServerPlugin START] Reloading Section: "reloadable-plugin/MenuInfoRegistryImpl/DefaultRuntimePlugin of DefaultRuntimePlugin [roughlyenoughitems]/"
[16:35:22] [main/TRACE] [REI] [REIServerPlugin START] Reloading Section: "reloadable-plugin/MenuInfoRegistryImpl/DefaultRuntimePlugin of DefaultRuntimePlugin [roughlyenoughitems]/" done in 49.42 μs
[16:35:22] [main/TRACE] [REI] [REIServerPlugin START] Reloading Section: "reloadable-plugin/MenuInfoRegistryImpl/" done in 3.362 ms
[16:35:22] [main/TRACE] [REI] [REIServerPlugin START] Reloading Section: "reloadable-plugin/SlotAccessorRegistryImpl/"
[16:35:22] [main/TRACE] [REI] [REIServerPlugin START] Reloading Section: "reloadable-plugin/SlotAccessorRegistryImpl/DefaultPlugin of DefaultPlugin [roughlyenoughitems]/"
[16:35:22] [main/TRACE] [REI] [REIServerPlugin START] Reloading Section: "reloadable-plugin/SlotAccessorRegistryImpl/DefaultPlugin of DefaultPlugin [roughlyenoughitems]/" done in 40.84 μs
[16:35:22] [main/TRACE] [REI] [REIServerPlugin START] Reloading Section: "reloadable-plugin/SlotAccessorRegistryImpl/FabricFluidAPISupportPlugin/"
[16:35:22] [main/TRACE] [REI] [REIServerPlugin START] Reloading Section: "reloadable-plugin/SlotAccessorRegistryImpl/FabricFluidAPISupportPlugin/" done in 41.79 μs
[16:35:22] [main/TRACE] [REI] [REIServerPlugin START] Reloading Section: "reloadable-plugin/SlotAccessorRegistryImpl/DefaultRuntimePlugin of DefaultRuntimePlugin [roughlyenoughitems]/"
[16:35:22] [main/TRACE] [REI] [REIServerPlugin START] Reloading Section: "reloadable-plugin/SlotAccessorRegistryImpl/DefaultRuntimePlugin of DefaultRuntimePlugin [roughlyenoughitems]/" done in 28.54 μs
[16:35:22] [main/TRACE] [REI] [REIServerPlugin START] Reloading Section: "reloadable-plugin/SlotAccessorRegistryImpl/" done in 343.5 μs
[16:35:22] [main/DEBUG] [REI] ========================================
[16:35:22] [main/DEBUG] [REI] REIServerPlugin ending main-reload for START.
[16:35:22] [main/DEBUG] [REI] ========================================
[16:35:22] [main/TRACE] [REI] [REIServerPlugin START] Reloading Section: "end-reload/"
[16:35:22] [main/TRACE] [REI] [REIServerPlugin START] Reloading Section: "end-reload/MenuInfoRegistryImpl/"
[16:35:22] [main/TRACE] [REI] [REIServerPlugin START] Reloading Section: "end-reload/MenuInfoRegistryImpl/" done in 28.82 μs
[16:35:22] [main/TRACE] [REI] [REIServerPlugin START] Reloading Section: "end-reload/SlotAccessorRegistryImpl/"
[16:35:22] [main/TRACE] [REI] [REIServerPlugin START] Reloading Section: "end-reload/SlotAccessorRegistryImpl/" done in 22.29 μs
[16:35:22] [main/TRACE] [REI] [REIServerPlugin START] Reloading Section: "end-reload/" done in 155.4 μs
[16:35:22] [main/DEBUG] [REI] ========================================
[16:35:22] [main/DEBUG] [REI] REIServerPlugin ended main-reload for START in 6.838 ms.
[16:35:22] [main/DEBUG] [REI] ========================================
[16:35:22] [main/DEBUG] [REI] ========================================
[16:35:22] [main/DEBUG] [REI] REIPlugin starting post-reload for START.
[16:35:22] [main/DEBUG] [REI] Reloadables (7):
[16:35:22] [main/DEBUG] [REI]  - EntryTypeRegistryImpl
[16:35:22] [main/DEBUG] [REI]  - EntrySettingsAdapterRegistryImpl
[16:35:22] [main/DEBUG] [REI]  - RecipeManagerContextImpl
[16:35:22] [main/DEBUG] [REI]  - ItemComparatorRegistryImpl
[16:35:22] [main/DEBUG] [REI]  - FluidComparatorRegistryImpl
[16:35:22] [main/DEBUG] [REI]  - DisplaySerializerRegistryImpl
[16:35:22] [main/DEBUG] [REI]  - FluidSupportProviderImpl
[16:35:22] [main/DEBUG] [REI] Plugins (3):
[16:35:22] [main/DEBUG] [REI]  - (-100.00) DefaultPlugin of DefaultPlugin [roughlyenoughitems]
[16:35:22] [main/DEBUG] [REI]  - (0.00) FabricFluidAPISupportPlugin
[16:35:22] [main/DEBUG] [REI]  - (0.00) DefaultRuntimePlugin of DefaultRuntimePlugin [roughlyenoughitems]
[16:35:22] [main/DEBUG] [REI] ========================================
[16:35:22] [main/TRACE] [REI] [REIPlugin START] Reloading Section: "post-register/"
[16:35:22] [main/TRACE] [REI] [REIPlugin START] Reloading Section: "post-register/DefaultPlugin of DefaultPlugin [roughlyenoughitems]/"
[16:35:22] [main/TRACE] [REI] [REIPlugin START] Reloading Section: "post-register/DefaultPlugin of DefaultPlugin [roughlyenoughitems]/" done in 210.5 μs
[16:35:22] [main/TRACE] [REI] [REIPlugin START] Reloading Section: "post-register/FabricFluidAPISupportPlugin/"
[16:35:22] [main/TRACE] [REI] [REIPlugin START] Reloading Section: "post-register/FabricFluidAPISupportPlugin/" done in 42.07 μs
[16:35:22] [main/TRACE] [REI] [REIPlugin START] Reloading Section: "post-register/DefaultRuntimePlugin of DefaultRuntimePlugin [roughlyenoughitems]/"
[16:35:22] [main/TRACE] [REI] [REIPlugin START] Reloading Section: "post-register/DefaultRuntimePlugin of DefaultRuntimePlugin [roughlyenoughitems]/" done in 41.27 μs
[16:35:22] [main/TRACE] [REI] [REIPlugin START] Reloading Section: "post-register/" done in 768.9 μs
[16:35:22] [main/TRACE] [REI] [REIPlugin START] Reloading Section: "post-stage/"
[16:35:22] [main/TRACE] [REI] [REIPlugin START] Reloading Section: "post-stage/EntryTypeRegistryImpl/"
[16:35:22] [main/TRACE] [REI] [REIPlugin START] Reloading Section: "post-stage/EntryTypeRegistryImpl/" done in 52.73 μs
[16:35:22] [main/TRACE] [REI] [REIPlugin START] Reloading Section: "post-stage/EntrySettingsAdapterRegistryImpl/"
[16:35:22] [main/TRACE] [REI] [REIPlugin START] Reloading Section: "post-stage/EntrySettingsAdapterRegistryImpl/" done in 30.02 μs
[16:35:22] [main/TRACE] [REI] [REIPlugin START] Reloading Section: "post-stage/RecipeManagerContextImpl/"
[16:35:22] [main/TRACE] [REI] [REIPlugin START] Reloading Section: "post-stage/RecipeManagerContextImpl/" done in 36.45 μs
[16:35:22] [main/TRACE] [REI] [REIPlugin START] Reloading Section: "post-stage/ItemComparatorRegistryImpl/"
[16:35:22] [main/TRACE] [REI] [REIPlugin START] Reloading Section: "post-stage/ItemComparatorRegistryImpl/" done in 27.46 μs
[16:35:22] [main/TRACE] [REI] [REIPlugin START] Reloading Section: "post-stage/FluidComparatorRegistryImpl/"
[16:35:22] [main/TRACE] [REI] [REIPlugin START] Reloading Section: "post-stage/FluidComparatorRegistryImpl/" done in 28.65 μs
[16:35:22] [main/TRACE] [REI] [REIPlugin START] Reloading Section: "post-stage/DisplaySerializerRegistryImpl/"
[16:35:22] [main/TRACE] [REI] [REIPlugin START] Reloading Section: "post-stage/DisplaySerializerRegistryImpl/" done in 26.99 μs
[16:35:22] [main/TRACE] [REI] [REIPlugin START] Reloading Section: "post-stage/FluidSupportProviderImpl/"
[16:35:22] [main/TRACE] [REI] [REIPlugin START] Reloading Section: "post-stage/FluidSupportProviderImpl/" done in 28.15 μs
[16:35:22] [main/TRACE] [REI] [REIPlugin START] Reloading Section: "post-stage/" done in 718.4 μs
[16:35:22] [main/DEBUG] [REI] ========================================
[16:35:22] [main/INFO] [REI] REIPlugin finished post-reload for START in 1.591 ms, totaling 31.52 ms.
[16:35:22] [main/DEBUG] [REI] ========================================
[16:35:22] [main/DEBUG] [REI] ========================================
[16:35:22] [main/DEBUG] [REI] REIServerPlugin starting post-reload for START.
[16:35:22] [main/DEBUG] [REI] Reloadables (2):
[16:35:22] [main/DEBUG] [REI]  - MenuInfoRegistryImpl
[16:35:22] [main/DEBUG] [REI]  - SlotAccessorRegistryImpl
[16:35:22] [main/DEBUG] [REI] Plugins (3):
[16:35:22] [main/DEBUG] [REI]  - (-100.00) DefaultPlugin of DefaultPlugin [roughlyenoughitems]
[16:35:22] [main/DEBUG] [REI]  - (0.00) FabricFluidAPISupportPlugin
[16:35:22] [main/DEBUG] [REI]  - (0.00) DefaultRuntimePlugin of DefaultRuntimePlugin [roughlyenoughitems]
[16:35:22] [main/DEBUG] [REI] ========================================
[16:35:22] [main/TRACE] [REI] [REIServerPlugin START] Reloading Section: "post-register/"
[16:35:22] [main/TRACE] [REI] [REIServerPlugin START] Reloading Section: "post-register/DefaultPlugin of DefaultPlugin [roughlyenoughitems]/"
[16:35:22] [main/TRACE] [REI] [REIServerPlugin START] Reloading Section: "post-register/DefaultPlugin of DefaultPlugin [roughlyenoughitems]/" done in 49.62 μs
[16:35:22] [main/TRACE] [REI] [REIServerPlugin START] Reloading Section: "post-register/FabricFluidAPISupportPlugin/"
[16:35:22] [main/TRACE] [REI] [REIServerPlugin START] Reloading Section: "post-register/FabricFluidAPISupportPlugin/" done in 50.41 μs
[16:35:22] [main/TRACE] [REI] [REIServerPlugin START] Reloading Section: "post-register/DefaultRuntimePlugin of DefaultRuntimePlugin [roughlyenoughitems]/"
[16:35:22] [main/TRACE] [REI] [REIServerPlugin START] Reloading Section: "post-register/DefaultRuntimePlugin of DefaultRuntimePlugin [roughlyenoughitems]/" done in 40.75 μs
[16:35:22] [main/TRACE] [REI] [REIServerPlugin START] Reloading Section: "post-register/" done in 483.7 μs
[16:35:22] [main/TRACE] [REI] [REIServerPlugin START] Reloading Section: "post-stage/"
[16:35:22] [main/TRACE] [REI] [REIServerPlugin START] Reloading Section: "post-stage/MenuInfoRegistryImpl/"
[16:35:22] [main/TRACE] [REI] [REIServerPlugin START] Reloading Section: "post-stage/MenuInfoRegistryImpl/" done in 47.64 μs
[16:35:22] [main/TRACE] [REI] [REIServerPlugin START] Reloading Section: "post-stage/SlotAccessorRegistryImpl/"
[16:35:22] [main/TRACE] [REI] [REIServerPlugin START] Reloading Section: "post-stage/SlotAccessorRegistryImpl/" done in 48.40 μs
[16:35:22] [main/TRACE] [REI] [REIServerPlugin START] Reloading Section: "post-stage/" done in 296.8 μs
[16:35:22] [main/DEBUG] [REI] ========================================
[16:35:22] [main/INFO] [REI] REIServerPlugin finished post-reload for START in 2.154 ms, totaling 9.970 ms.
[16:35:22] [main/DEBUG] [REI] ========================================
[16:35:22] [main/DEBUG] [REI] ========================================
[16:35:22] [main/DEBUG] [REI] REIPlugin starting pre-reload for END.
[16:35:22] [main/DEBUG] [REI] Reloadables (7):
[16:35:22] [main/DEBUG] [REI]  - EntryTypeRegistryImpl
[16:35:22] [main/DEBUG] [REI]  - EntrySettingsAdapterRegistryImpl
[16:35:22] [main/DEBUG] [REI]  - RecipeManagerContextImpl
[16:35:22] [main/DEBUG] [REI]  - ItemComparatorRegistryImpl
[16:35:22] [main/DEBUG] [REI]  - FluidComparatorRegistryImpl
[16:35:22] [main/DEBUG] [REI]  - DisplaySerializerRegistryImpl
[16:35:22] [main/DEBUG] [REI]  - FluidSupportProviderImpl
[16:35:22] [main/DEBUG] [REI] Plugins (3):
[16:35:22] [main/DEBUG] [REI]  - (-100.00) DefaultPlugin of DefaultPlugin [roughlyenoughitems]
[16:35:22] [main/DEBUG] [REI]  - (0.00) FabricFluidAPISupportPlugin
[16:35:22] [main/DEBUG] [REI]  - (0.00) DefaultRuntimePlugin of DefaultRuntimePlugin [roughlyenoughitems]
[16:35:22] [main/DEBUG] [REI] ========================================
[16:35:22] [main/TRACE] [REI] [REIPlugin END] Reloading Section: "pre-register/"
[16:35:22] [main/TRACE] [REI] [REIPlugin END] Reloading Section: "pre-register/DefaultPlugin of DefaultPlugin [roughlyenoughitems]/"
[16:35:22] [main/TRACE] [REI] [REIPlugin END] Reloading Section: "pre-register/DefaultPlugin of DefaultPlugin [roughlyenoughitems]/" done in 56.17 μs
[16:35:22] [main/TRACE] [REI] [REIPlugin END] Reloading Section: "pre-register/FabricFluidAPISupportPlugin/"
[16:35:22] [main/TRACE] [REI] [REIPlugin END] Reloading Section: "pre-register/FabricFluidAPISupportPlugin/" done in 49.28 μs
[16:35:22] [main/TRACE] [REI] [REIPlugin END] Reloading Section: "pre-register/DefaultRuntimePlugin of DefaultRuntimePlugin [roughlyenoughitems]/"
[16:35:22] [main/TRACE] [REI] [REIPlugin END] Reloading Section: "pre-register/DefaultRuntimePlugin of DefaultRuntimePlugin [roughlyenoughitems]/" done in 80.72 μs
[16:35:22] [main/TRACE] [REI] [REIPlugin END] Reloading Section: "pre-register/" done in 494.5 μs
[16:35:22] [main/TRACE] [REI] [REIPlugin END] Reloading Section: "pre-stage/"
[16:35:22] [main/TRACE] [REI] [REIPlugin END] Reloading Section: "pre-stage/EntryTypeRegistryImpl/"
[16:35:22] [main/TRACE] [REI] [REIPlugin END] Reloading Section: "pre-stage/EntryTypeRegistryImpl/" done in 49.31 μs
[16:35:22] [main/TRACE] [REI] [REIPlugin END] Reloading Section: "pre-stage/EntrySettingsAdapterRegistryImpl/"
[16:35:22] [main/TRACE] [REI] [REIPlugin END] Reloading Section: "pre-stage/EntrySettingsAdapterRegistryImpl/" done in 42.43 μs
[16:35:22] [main/TRACE] [REI] [REIPlugin END] Reloading Section: "pre-stage/RecipeManagerContextImpl/"
[16:35:22] [main/TRACE] [REI] [REIPlugin END] Reloading Section: "pre-stage/RecipeManagerContextImpl/" done in 38.45 μs
[16:35:22] [main/TRACE] [REI] [REIPlugin END] Reloading Section: "pre-stage/ItemComparatorRegistryImpl/"
[16:35:22] [main/TRACE] [REI] [REIPlugin END] Reloading Section: "pre-stage/ItemComparatorRegistryImpl/" done in 44.69 μs
[16:35:22] [main/TRACE] [REI] [REIPlugin END] Reloading Section: "pre-stage/FluidComparatorRegistryImpl/"
[16:35:22] [main/TRACE] [REI] [REIPlugin END] Reloading Section: "pre-stage/FluidComparatorRegistryImpl/" done in 36.09 μs
[16:35:22] [main/TRACE] [REI] [REIPlugin END] Reloading Section: "pre-stage/DisplaySerializerRegistryImpl/"
[16:35:22] [main/TRACE] [REI] [REIPlugin END] Reloading Section: "pre-stage/DisplaySerializerRegistryImpl/" done in 32.72 μs
[16:35:22] [main/TRACE] [REI] [REIPlugin END] Reloading Section: "pre-stage/FluidSupportProviderImpl/"
[16:35:22] [main/TRACE] [REI] [REIPlugin END] Reloading Section: "pre-stage/FluidSupportProviderImpl/" done in 32.46 μs
[16:35:22] [main/TRACE] [REI] [REIPlugin END] Reloading Section: "pre-stage/" done in 1.871 ms
[16:35:22] [main/DEBUG] [REI] ========================================
[16:35:22] [main/DEBUG] [REI] REIPlugin finished pre-reload for END in 2.575 ms.
[16:35:22] [main/DEBUG] [REI] ========================================
[16:35:22] [main/DEBUG] [REI] ========================================
[16:35:22] [main/DEBUG] [REI] REIServerPlugin starting pre-reload for END.
[16:35:22] [main/DEBUG] [REI] Reloadables (2):
[16:35:22] [main/DEBUG] [REI]  - MenuInfoRegistryImpl
[16:35:22] [main/DEBUG] [REI]  - SlotAccessorRegistryImpl
[16:35:22] [main/DEBUG] [REI] Plugins (3):
[16:35:22] [main/DEBUG] [REI]  - (-100.00) DefaultPlugin of DefaultPlugin [roughlyenoughitems]
[16:35:22] [main/DEBUG] [REI]  - (0.00) FabricFluidAPISupportPlugin
[16:35:22] [main/DEBUG] [REI]  - (0.00) DefaultRuntimePlugin of DefaultRuntimePlugin [roughlyenoughitems]
[16:35:22] [main/DEBUG] [REI] ========================================
[16:35:22] [main/TRACE] [REI] [REIServerPlugin END] Reloading Section: "pre-register/"
[16:35:22] [main/TRACE] [REI] [REIServerPlugin END] Reloading Section: "pre-register/DefaultPlugin of DefaultPlugin [roughlyenoughitems]/"
[16:35:22] [main/TRACE] [REI] [REIServerPlugin END] Reloading Section: "pre-register/DefaultPlugin of DefaultPlugin [roughlyenoughitems]/" done in 48.68 μs
[16:35:22] [main/TRACE] [REI] [REIServerPlugin END] Reloading Section: "pre-register/FabricFluidAPISupportPlugin/"
[16:35:22] [main/TRACE] [REI] [REIServerPlugin END] Reloading Section: "pre-register/FabricFluidAPISupportPlugin/" done in 56.80 μs
[16:35:22] [main/TRACE] [REI] [REIServerPlugin END] Reloading Section: "pre-register/DefaultRuntimePlugin of DefaultRuntimePlugin [roughlyenoughitems]/"
[16:35:22] [main/TRACE] [REI] [REIServerPlugin END] Reloading Section: "pre-register/DefaultRuntimePlugin of DefaultRuntimePlugin [roughlyenoughitems]/" done in 48.34 μs
[16:35:22] [main/TRACE] [REI] [REIServerPlugin END] Reloading Section: "pre-register/" done in 422.1 μs
[16:35:22] [main/TRACE] [REI] [REIServerPlugin END] Reloading Section: "pre-stage/"
[16:35:22] [main/TRACE] [REI] [REIServerPlugin END] Reloading Section: "pre-stage/MenuInfoRegistryImpl/"
[16:35:22] [main/TRACE] [REI] [REIServerPlugin END] Reloading Section: "pre-stage/MenuInfoRegistryImpl/" done in 37.45 μs
[16:35:22] [main/TRACE] [REI] [REIServerPlugin END] Reloading Section: "pre-stage/SlotAccessorRegistryImpl/"
[16:35:22] [main/TRACE] [REI] [REIServerPlugin END] Reloading Section: "pre-stage/SlotAccessorRegistryImpl/" done in 33.06 μs
[16:35:22] [main/TRACE] [REI] [REIServerPlugin END] Reloading Section: "pre-stage/" done in 231.8 μs
[16:35:22] [main/DEBUG] [REI] ========================================
[16:35:22] [main/DEBUG] [REI] REIServerPlugin finished pre-reload for END in 760.7 μs.
[16:35:22] [main/DEBUG] [REI] ========================================
[16:35:22] [main/INFO] [REI] OOOOOOOOOOOOOOOOOOOOOOOOOOOOOOOOOOOOOOOO
[16:35:22] [main/INFO] [REI] REIPlugin starting main-reload for END.
[16:35:22] [main/DEBUG] [REI] Reloadables (7):
[16:35:22] [main/DEBUG] [REI]  - EntryTypeRegistryImpl
[16:35:22] [main/DEBUG] [REI]  - EntrySettingsAdapterRegistryImpl
[16:35:22] [main/DEBUG] [REI]  - RecipeManagerContextImpl
[16:35:22] [main/DEBUG] [REI]  - ItemComparatorRegistryImpl
[16:35:22] [main/DEBUG] [REI]  - FluidComparatorRegistryImpl
[16:35:22] [main/DEBUG] [REI]  - DisplaySerializerRegistryImpl
[16:35:22] [main/DEBUG] [REI]  - FluidSupportProviderImpl
[16:35:22] [main/INFO] [REI] Plugins (3):
[16:35:22] [main/INFO] [REI]  - (-100.00) DefaultPlugin of DefaultPlugin [roughlyenoughitems]
[16:35:22] [main/INFO] [REI]  - (0.00) FabricFluidAPISupportPlugin
[16:35:22] [main/INFO] [REI]  - (0.00) DefaultRuntimePlugin of DefaultRuntimePlugin [roughlyenoughitems]
[16:35:22] [main/INFO] [REI] OOOOOOOOOOOOOOOOOOOOOOOOOOOOOOOOOOOOOOOO
[16:35:22] [main/TRACE] [REI] [REIPlugin END] Reloading Section: "start-reload/"
[16:35:22] [main/TRACE] [REI] [REIPlugin END] Reloading Section: "start-reload/EntryTypeRegistryImpl/"
[16:35:22] [main/TRACE] [REI] [REIPlugin END] Reloading Section: "start-reload/EntryTypeRegistryImpl/" done in 182.9 μs
[16:35:22] [main/TRACE] [REI] [REIPlugin END] Reloading Section: "start-reload/EntrySettingsAdapterRegistryImpl/"
[16:35:22] [main/TRACE] [REI] [REIPlugin END] Reloading Section: "start-reload/EntrySettingsAdapterRegistryImpl/" done in 76.50 μs
[16:35:22] [main/TRACE] [REI] [REIPlugin END] Reloading Section: "start-reload/RecipeManagerContextImpl/"
[16:35:22] [main/TRACE] [REI] [REIPlugin END] Reloading Section: "start-reload/RecipeManagerContextImpl/" done in 89.47 μs
[16:35:22] [main/TRACE] [REI] [REIPlugin END] Reloading Section: "start-reload/ItemComparatorRegistryImpl/"
[16:35:22] [main/TRACE] [REI] [REIPlugin END] Reloading Section: "start-reload/ItemComparatorRegistryImpl/" done in 28.99 μs
[16:35:22] [main/TRACE] [REI] [REIPlugin END] Reloading Section: "start-reload/FluidComparatorRegistryImpl/"
[16:35:22] [main/TRACE] [REI] [REIPlugin END] Reloading Section: "start-reload/FluidComparatorRegistryImpl/" done in 25.98 μs
[16:35:22] [main/TRACE] [REI] [REIPlugin END] Reloading Section: "start-reload/DisplaySerializerRegistryImpl/"
[16:35:22] [main/TRACE] [REI] [REIPlugin END] Reloading Section: "start-reload/DisplaySerializerRegistryImpl/" done in 33.26 μs
[16:35:22] [main/TRACE] [REI] [REIPlugin END] Reloading Section: "start-reload/FluidSupportProviderImpl/"
[16:35:22] [main/TRACE] [REI] [REIPlugin END] Reloading Section: "start-reload/FluidSupportProviderImpl/" done in 21.71 μs
[16:35:22] [main/TRACE] [REI] [REIPlugin END] Reloading Section: "start-reload/" done in 1.260 ms
[16:35:22] [main/DEBUG] [REI] ========================================
[16:35:22] [main/DEBUG] [REI] REIPlugin started main-reload for END.
[16:35:22] [main/DEBUG] [REI] ========================================
[16:35:22] [main/TRACE] [REI] [REIPlugin END] Reloading Section: "reloadable-plugin/EntryTypeRegistryImpl/"
[16:35:22] [main/TRACE] [REI] [REIPlugin END] Reloading Section: "reloadable-plugin/EntryTypeRegistryImpl/DefaultPlugin of DefaultPlugin [roughlyenoughitems]/"
[16:35:22] [main/TRACE] [REI] [REIPlugin END] Reloading Section: "reloadable-plugin/EntryTypeRegistryImpl/DefaultPlugin of DefaultPlugin [roughlyenoughitems]/" done in 40.16 μs
[16:35:22] [main/TRACE] [REI] [REIPlugin END] Reloading Section: "reloadable-plugin/EntryTypeRegistryImpl/FabricFluidAPISupportPlugin/"
[16:35:22] [main/TRACE] [REI] [REIPlugin END] Reloading Section: "reloadable-plugin/EntryTypeRegistryImpl/FabricFluidAPISupportPlugin/" done in 25.32 μs
[16:35:22] [main/TRACE] [REI] [REIPlugin END] Reloading Section: "reloadable-plugin/EntryTypeRegistryImpl/DefaultRuntimePlugin of DefaultRuntimePlugin [roughlyenoughitems]/"
[16:35:22] [main/TRACE] [REI] [REIPlugin END] Reloading Section: "reloadable-plugin/EntryTypeRegistryImpl/DefaultRuntimePlugin of DefaultRuntimePlugin [roughlyenoughitems]/" done in 27.37 μs
[16:35:22] [main/TRACE] [REI] [REIPlugin END] Reloading Section: "reloadable-plugin/EntryTypeRegistryImpl/" done in 270.3 μs
[16:35:22] [main/TRACE] [REI] [REIPlugin END] Reloading Section: "reloadable-plugin/EntrySettingsAdapterRegistryImpl/"
[16:35:22] [main/TRACE] [REI] [REIPlugin END] Reloading Section: "reloadable-plugin/EntrySettingsAdapterRegistryImpl/DefaultPlugin of DefaultPlugin [roughlyenoughitems]/"
[16:35:22] [main/TRACE] [REI] [REIPlugin END] Reloading Section: "reloadable-plugin/EntrySettingsAdapterRegistryImpl/DefaultPlugin of DefaultPlugin [roughlyenoughitems]/" done in 47.05 μs
[16:35:22] [main/TRACE] [REI] [REIPlugin END] Reloading Section: "reloadable-plugin/EntrySettingsAdapterRegistryImpl/FabricFluidAPISupportPlugin/"
[16:35:22] [main/TRACE] [REI] [REIPlugin END] Reloading Section: "reloadable-plugin/EntrySettingsAdapterRegistryImpl/FabricFluidAPISupportPlugin/" done in 187.7 μs
[16:35:22] [main/TRACE] [REI] [REIPlugin END] Reloading Section: "reloadable-plugin/EntrySettingsAdapterRegistryImpl/DefaultRuntimePlugin of DefaultRuntimePlugin [roughlyenoughitems]/"
[16:35:22] [main/TRACE] [REI] [REIPlugin END] Reloading Section: "reloadable-plugin/EntrySettingsAdapterRegistryImpl/DefaultRuntimePlugin of DefaultRuntimePlugin [roughlyenoughitems]/" done in 55.81 μs
[16:35:22] [main/TRACE] [REI] [REIPlugin END] Reloading Section: "reloadable-plugin/EntrySettingsAdapterRegistryImpl/" done in 3.494 ms
[16:35:22] [main/TRACE] [REI] [REIPlugin END] Reloading Section: "reloadable-plugin/RecipeManagerContextImpl/"
[16:35:22] [main/TRACE] [REI] [REIPlugin END] Reloading Section: "reloadable-plugin/RecipeManagerContextImpl/DefaultPlugin of DefaultPlugin [roughlyenoughitems]/"
[16:35:22] [main/TRACE] [REI] [REIPlugin END] Reloading Section: "reloadable-plugin/RecipeManagerContextImpl/DefaultPlugin of DefaultPlugin [roughlyenoughitems]/" done in 57.99 μs
[16:35:22] [main/TRACE] [REI] [REIPlugin END] Reloading Section: "reloadable-plugin/RecipeManagerContextImpl/FabricFluidAPISupportPlugin/"
[16:35:22] [main/TRACE] [REI] [REIPlugin END] Reloading Section: "reloadable-plugin/RecipeManagerContextImpl/FabricFluidAPISupportPlugin/" done in 61.20 μs
[16:35:22] [main/TRACE] [REI] [REIPlugin END] Reloading Section: "reloadable-plugin/RecipeManagerContextImpl/DefaultRuntimePlugin of DefaultRuntimePlugin [roughlyenoughitems]/"
[16:35:22] [main/TRACE] [REI] [REIPlugin END] Reloading Section: "reloadable-plugin/RecipeManagerContextImpl/DefaultRuntimePlugin of DefaultRuntimePlugin [roughlyenoughitems]/" done in 60.68 μs
[16:35:22] [main/TRACE] [REI] [REIPlugin END] Reloading Section: "reloadable-plugin/RecipeManagerContextImpl/" done in 553.1 μs
[16:35:22] [main/TRACE] [REI] [REIPlugin END] Reloading Section: "reloadable-plugin/ItemComparatorRegistryImpl/"
[16:35:22] [main/TRACE] [REI] [REIPlugin END] Reloading Section: "reloadable-plugin/ItemComparatorRegistryImpl/DefaultPlugin of DefaultPlugin [roughlyenoughitems]/"
[16:35:22] [main/TRACE] [REI] [REIPlugin END] Reloading Section: "reloadable-plugin/ItemComparatorRegistryImpl/DefaultPlugin of DefaultPlugin [roughlyenoughitems]/" done in 45.72 μs
[16:35:22] [main/TRACE] [REI] [REIPlugin END] Reloading Section: "reloadable-plugin/ItemComparatorRegistryImpl/FabricFluidAPISupportPlugin/"
[16:35:22] [main/TRACE] [REI] [REIPlugin END] Reloading Section: "reloadable-plugin/ItemComparatorRegistryImpl/FabricFluidAPISupportPlugin/" done in 58.15 μs
[16:35:22] [main/TRACE] [REI] [REIPlugin END] Reloading Section: "reloadable-plugin/ItemComparatorRegistryImpl/DefaultRuntimePlugin of DefaultRuntimePlugin [roughlyenoughitems]/"
[16:35:22] [main/TRACE] [REI] [REIPlugin END] Reloading Section: "reloadable-plugin/ItemComparatorRegistryImpl/DefaultRuntimePlugin of DefaultRuntimePlugin [roughlyenoughitems]/" done in 78.79 μs
[16:35:22] [main/TRACE] [REI] [REIPlugin END] Reloading Section: "reloadable-plugin/ItemComparatorRegistryImpl/" done in 480.0 μs
[16:35:22] [main/TRACE] [REI] [REIPlugin END] Reloading Section: "reloadable-plugin/FluidComparatorRegistryImpl/"
[16:35:22] [main/TRACE] [REI] [REIPlugin END] Reloading Section: "reloadable-plugin/FluidComparatorRegistryImpl/DefaultPlugin of DefaultPlugin [roughlyenoughitems]/"
[16:35:22] [main/TRACE] [REI] [REIPlugin END] Reloading Section: "reloadable-plugin/FluidComparatorRegistryImpl/DefaultPlugin of DefaultPlugin [roughlyenoughitems]/" done in 51.34 μs
[16:35:22] [main/TRACE] [REI] [REIPlugin END] Reloading Section: "reloadable-plugin/FluidComparatorRegistryImpl/FabricFluidAPISupportPlugin/"
[16:35:22] [main/TRACE] [REI] [REIPlugin END] Reloading Section: "reloadable-plugin/FluidComparatorRegistryImpl/FabricFluidAPISupportPlugin/" done in 57.39 μs
[16:35:22] [main/TRACE] [REI] [REIPlugin END] Reloading Section: "reloadable-plugin/FluidComparatorRegistryImpl/DefaultRuntimePlugin of DefaultRuntimePlugin [roughlyenoughitems]/"
[16:35:22] [main/TRACE] [REI] [REIPlugin END] Reloading Section: "reloadable-plugin/FluidComparatorRegistryImpl/DefaultRuntimePlugin of DefaultRuntimePlugin [roughlyenoughitems]/" done in 53.97 μs
[16:35:22] [main/TRACE] [REI] [REIPlugin END] Reloading Section: "reloadable-plugin/FluidComparatorRegistryImpl/" done in 490.6 μs
[16:35:22] [main/TRACE] [REI] [REIPlugin END] Reloading Section: "reloadable-plugin/DisplaySerializerRegistryImpl/"
[16:35:22] [main/TRACE] [REI] [REIPlugin END] Reloading Section: "reloadable-plugin/DisplaySerializerRegistryImpl/DefaultPlugin of DefaultPlugin [roughlyenoughitems]/"
[16:35:22] [main/TRACE] [REI] [REIPlugin END] Reloading Section: "reloadable-plugin/DisplaySerializerRegistryImpl/DefaultPlugin of DefaultPlugin [roughlyenoughitems]/" done in 18.97 ms
[16:35:22] [main/TRACE] [REI] [REIPlugin END] Reloading Section: "reloadable-plugin/DisplaySerializerRegistryImpl/FabricFluidAPISupportPlugin/"
[16:35:22] [main/TRACE] [REI] [REIPlugin END] Reloading Section: "reloadable-plugin/DisplaySerializerRegistryImpl/FabricFluidAPISupportPlugin/" done in 84.86 μs
[16:35:22] [main/TRACE] [REI] [REIPlugin END] Reloading Section: "reloadable-plugin/DisplaySerializerRegistryImpl/DefaultRuntimePlugin of DefaultRuntimePlugin [roughlyenoughitems]/"
[16:35:22] [main/TRACE] [REI] [REIPlugin END] Reloading Section: "reloadable-plugin/DisplaySerializerRegistryImpl/DefaultRuntimePlugin of DefaultRuntimePlugin [roughlyenoughitems]/" done in 43.22 μs
[16:35:22] [main/TRACE] [REI] [REIPlugin END] Reloading Section: "reloadable-plugin/DisplaySerializerRegistryImpl/" done in 19.49 ms
[16:35:22] [main/TRACE] [REI] [REIPlugin END] Reloading Section: "reloadable-plugin/FluidSupportProviderImpl/"
[16:35:22] [main/TRACE] [REI] [REIPlugin END] Reloading Section: "reloadable-plugin/FluidSupportProviderImpl/DefaultPlugin of DefaultPlugin [roughlyenoughitems]/"
[16:35:22] [main/TRACE] [REI] [REIPlugin END] Reloading Section: "reloadable-plugin/FluidSupportProviderImpl/DefaultPlugin of DefaultPlugin [roughlyenoughitems]/" done in 38.81 μs
[16:35:22] [main/TRACE] [REI] [REIPlugin END] Reloading Section: "reloadable-plugin/FluidSupportProviderImpl/FabricFluidAPISupportPlugin/"
[16:35:22] [main/TRACE] [REI] [REIPlugin END] Reloading Section: "reloadable-plugin/FluidSupportProviderImpl/FabricFluidAPISupportPlugin/" done in 61.34 μs
[16:35:22] [main/TRACE] [REI] [REIPlugin END] Reloading Section: "reloadable-plugin/FluidSupportProviderImpl/DefaultRuntimePlugin of DefaultRuntimePlugin [roughlyenoughitems]/"
[16:35:22] [main/TRACE] [REI] [REIPlugin END] Reloading Section: "reloadable-plugin/FluidSupportProviderImpl/DefaultRuntimePlugin of DefaultRuntimePlugin [roughlyenoughitems]/" done in 51.13 μs
[16:35:22] [main/TRACE] [REI] [REIPlugin END] Reloading Section: "reloadable-plugin/FluidSupportProviderImpl/" done in 403.3 μs
[16:35:22] [main/DEBUG] [REI] ========================================
[16:35:22] [main/DEBUG] [REI] REIPlugin ending main-reload for END.
[16:35:22] [main/DEBUG] [REI] ========================================
[16:35:22] [main/TRACE] [REI] [REIPlugin END] Reloading Section: "end-reload/"
[16:35:22] [main/TRACE] [REI] [REIPlugin END] Reloading Section: "end-reload/EntryTypeRegistryImpl/"
[16:35:22] [main/TRACE] [REI] [REIPlugin END] Reloading Section: "end-reload/EntryTypeRegistryImpl/" done in 35.34 μs
[16:35:22] [main/TRACE] [REI] [REIPlugin END] Reloading Section: "end-reload/EntrySettingsAdapterRegistryImpl/"
[16:35:22] [main/TRACE] [REI] [REIPlugin END] Reloading Section: "end-reload/EntrySettingsAdapterRegistryImpl/" done in 31.92 μs
[16:35:22] [main/TRACE] [REI] [REIPlugin END] Reloading Section: "end-reload/RecipeManagerContextImpl/"
[16:35:22] [main/TRACE] [REI] [REIPlugin END] Reloading Section: "end-reload/RecipeManagerContextImpl/" done in 33.74 μs
[16:35:22] [main/TRACE] [REI] [REIPlugin END] Reloading Section: "end-reload/ItemComparatorRegistryImpl/"
[16:35:22] [main/TRACE] [REI] [REIPlugin END] Reloading Section: "end-reload/ItemComparatorRegistryImpl/" done in 31.39 μs
[16:35:22] [main/TRACE] [REI] [REIPlugin END] Reloading Section: "end-reload/FluidComparatorRegistryImpl/"
[16:35:22] [main/TRACE] [REI] [REIPlugin END] Reloading Section: "end-reload/FluidComparatorRegistryImpl/" done in 31.24 μs
[16:35:22] [main/TRACE] [REI] [REIPlugin END] Reloading Section: "end-reload/DisplaySerializerRegistryImpl/"
[16:35:22] [main/TRACE] [REI] [REIPlugin END] Reloading Section: "end-reload/DisplaySerializerRegistryImpl/" done in 30.87 μs
[16:35:22] [main/TRACE] [REI] [REIPlugin END] Reloading Section: "end-reload/FluidSupportProviderImpl/"
[16:35:22] [main/TRACE] [REI] [REIPlugin END] Reloading Section: "end-reload/FluidSupportProviderImpl/" done in 31.41 μs
[16:35:22] [main/TRACE] [REI] [REIPlugin END] Reloading Section: "end-reload/" done in 624.4 μs
[16:35:22] [main/DEBUG] [REI] ========================================
[16:35:22] [main/DEBUG] [REI] REIPlugin ended main-reload for END in 29.43 ms.
[16:35:22] [main/DEBUG] [REI] ========================================
[16:35:22] [main/INFO] [REI] @@@@@@@@@@@@@@@@@@@@@@@@@@@@@@@@@@@@@@@@
[16:35:22] [main/INFO] [REI] REIServerPlugin starting main-reload for END.
[16:35:22] [main/DEBUG] [REI] Reloadables (2):
[16:35:22] [main/DEBUG] [REI]  - MenuInfoRegistryImpl
[16:35:22] [main/DEBUG] [REI]  - SlotAccessorRegistryImpl
[16:35:22] [main/INFO] [REI] Plugins (3):
[16:35:22] [main/INFO] [REI]  - (-100.00) DefaultPlugin of DefaultPlugin [roughlyenoughitems]
[16:35:22] [main/INFO] [REI]  - (0.00) FabricFluidAPISupportPlugin
[16:35:22] [main/INFO] [REI]  - (0.00) DefaultRuntimePlugin of DefaultRuntimePlugin [roughlyenoughitems]
[16:35:22] [main/INFO] [REI] @@@@@@@@@@@@@@@@@@@@@@@@@@@@@@@@@@@@@@@@
[16:35:22] [main/TRACE] [REI] [REIServerPlugin END] Reloading Section: "start-reload/"
[16:35:22] [main/TRACE] [REI] [REIServerPlugin END] Reloading Section: "start-reload/MenuInfoRegistryImpl/"
[16:35:22] [main/TRACE] [REI] [REIServerPlugin END] Reloading Section: "start-reload/MenuInfoRegistryImpl/" done in 49.62 μs
[16:35:22] [main/TRACE] [REI] [REIServerPlugin END] Reloading Section: "start-reload/SlotAccessorRegistryImpl/"
[16:35:22] [main/TRACE] [REI] [REIServerPlugin END] Reloading Section: "start-reload/SlotAccessorRegistryImpl/" done in 38.34 μs
[16:35:22] [main/TRACE] [REI] [REIServerPlugin END] Reloading Section: "start-reload/" done in 280.9 μs
[16:35:22] [main/DEBUG] [REI] ========================================
[16:35:22] [main/DEBUG] [REI] REIServerPlugin started main-reload for END.
[16:35:22] [main/DEBUG] [REI] ========================================
[16:35:22] [main/TRACE] [REI] [REIServerPlugin END] Reloading Section: "reloadable-plugin/MenuInfoRegistryImpl/"
[16:35:22] [main/TRACE] [REI] [REIServerPlugin END] Reloading Section: "reloadable-plugin/MenuInfoRegistryImpl/DefaultPlugin of DefaultPlugin [roughlyenoughitems]/"
[16:35:22] [main/TRACE] [REI] [REIServerPlugin END] Reloading Section: "reloadable-plugin/MenuInfoRegistryImpl/DefaultPlugin of DefaultPlugin [roughlyenoughitems]/" done in 146.8 μs
[16:35:22] [main/TRACE] [REI] [REIServerPlugin END] Reloading Section: "reloadable-plugin/MenuInfoRegistryImpl/FabricFluidAPISupportPlugin/"
[16:35:22] [main/TRACE] [REI] [REIServerPlugin END] Reloading Section: "reloadable-plugin/MenuInfoRegistryImpl/FabricFluidAPISupportPlugin/" done in 45.90 μs
[16:35:22] [main/TRACE] [REI] [REIServerPlugin END] Reloading Section: "reloadable-plugin/MenuInfoRegistryImpl/DefaultRuntimePlugin of DefaultRuntimePlugin [roughlyenoughitems]/"
[16:35:22] [main/TRACE] [REI] [REIServerPlugin END] Reloading Section: "reloadable-plugin/MenuInfoRegistryImpl/DefaultRuntimePlugin of DefaultRuntimePlugin [roughlyenoughitems]/" done in 50.31 μs
[16:35:22] [main/TRACE] [REI] [REIServerPlugin END] Reloading Section: "reloadable-plugin/MenuInfoRegistryImpl/" done in 1.575 ms
[16:35:22] [main/TRACE] [REI] [REIServerPlugin END] Reloading Section: "reloadable-plugin/SlotAccessorRegistryImpl/"
[16:35:22] [main/TRACE] [REI] [REIServerPlugin END] Reloading Section: "reloadable-plugin/SlotAccessorRegistryImpl/DefaultPlugin of DefaultPlugin [roughlyenoughitems]/"
[16:35:22] [main/TRACE] [REI] [REIServerPlugin END] Reloading Section: "reloadable-plugin/SlotAccessorRegistryImpl/DefaultPlugin of DefaultPlugin [roughlyenoughitems]/" done in 124.7 μs
[16:35:22] [main/TRACE] [REI] [REIServerPlugin END] Reloading Section: "reloadable-plugin/SlotAccessorRegistryImpl/FabricFluidAPISupportPlugin/"
[16:35:22] [main/TRACE] [REI] [REIServerPlugin END] Reloading Section: "reloadable-plugin/SlotAccessorRegistryImpl/FabricFluidAPISupportPlugin/" done in 151.9 μs
[16:35:22] [main/TRACE] [REI] [REIServerPlugin END] Reloading Section: "reloadable-plugin/SlotAccessorRegistryImpl/DefaultRuntimePlugin of DefaultRuntimePlugin [roughlyenoughitems]/"
[16:35:22] [main/DEBUG] [REI] Added slot accessor serializer: me.shedaniel.rei.plugin.common.runtime.DefaultRuntimePlugin$1@2deea041 [roughlyenoughitems:vanilla]
[16:35:22] [main/DEBUG] [REI] Added slot accessor serializer: me.shedaniel.rei.plugin.common.runtime.DefaultRuntimePlugin$2@5aeb466b [roughlyenoughitems:player]
[16:35:22] [main/TRACE] [REI] [REIServerPlugin END] Reloading Section: "reloadable-plugin/SlotAccessorRegistryImpl/DefaultRuntimePlugin of DefaultRuntimePlugin [roughlyenoughitems]/" done in 2.268 ms
[16:35:22] [main/TRACE] [REI] [REIServerPlugin END] Reloading Section: "reloadable-plugin/SlotAccessorRegistryImpl/" done in 3.543 ms
[16:35:22] [main/DEBUG] [REI] ========================================
[16:35:22] [main/DEBUG] [REI] REIServerPlugin ending main-reload for END.
[16:35:22] [main/DEBUG] [REI] ========================================
[16:35:22] [main/TRACE] [REI] [REIServerPlugin END] Reloading Section: "end-reload/"
[16:35:22] [main/TRACE] [REI] [REIServerPlugin END] Reloading Section: "end-reload/MenuInfoRegistryImpl/"
[16:35:22] [main/DEBUG] [REI] Registered 0 menu infos
[16:35:22] [main/TRACE] [REI] [REIServerPlugin END] Reloading Section: "end-reload/MenuInfoRegistryImpl/" done in 601.1 μs
[16:35:22] [main/TRACE] [REI] [REIServerPlugin END] Reloading Section: "end-reload/SlotAccessorRegistryImpl/"
[16:35:22] [main/DEBUG] [REI] Registered 2 slot accessor serializers
[16:35:22] [main/TRACE] [REI] [REIServerPlugin END] Reloading Section: "end-reload/SlotAccessorRegistryImpl/" done in 290.9 μs
[16:35:22] [main/TRACE] [REI] [REIServerPlugin END] Reloading Section: "end-reload/" done in 1.341 ms
[16:35:22] [main/DEBUG] [REI] ========================================
[16:35:22] [main/DEBUG] [REI] REIServerPlugin ended main-reload for END in 9.605 ms.
[16:35:22] [main/DEBUG] [REI] ========================================
[16:35:22] [main/DEBUG] [REI] ========================================
[16:35:22] [main/DEBUG] [REI] REIPlugin starting post-reload for END.
[16:35:22] [main/DEBUG] [REI] Reloadables (7):
[16:35:22] [main/DEBUG] [REI]  - EntryTypeRegistryImpl
[16:35:22] [main/DEBUG] [REI]  - EntrySettingsAdapterRegistryImpl
[16:35:22] [main/DEBUG] [REI]  - RecipeManagerContextImpl
[16:35:22] [main/DEBUG] [REI]  - ItemComparatorRegistryImpl
[16:35:22] [main/DEBUG] [REI]  - FluidComparatorRegistryImpl
[16:35:22] [main/DEBUG] [REI]  - DisplaySerializerRegistryImpl
[16:35:22] [main/DEBUG] [REI]  - FluidSupportProviderImpl
[16:35:22] [main/DEBUG] [REI] Plugins (3):
[16:35:22] [main/DEBUG] [REI]  - (-100.00) DefaultPlugin of DefaultPlugin [roughlyenoughitems]
[16:35:22] [main/DEBUG] [REI]  - (0.00) FabricFluidAPISupportPlugin
[16:35:22] [main/DEBUG] [REI]  - (0.00) DefaultRuntimePlugin of DefaultRuntimePlugin [roughlyenoughitems]
[16:35:22] [main/DEBUG] [REI] ========================================
[16:35:22] [main/TRACE] [REI] [REIPlugin END] Reloading Section: "post-register/"
[16:35:22] [main/TRACE] [REI] [REIPlugin END] Reloading Section: "post-register/DefaultPlugin of DefaultPlugin [roughlyenoughitems]/"
[16:35:22] [main/TRACE] [REI] [REIPlugin END] Reloading Section: "post-register/DefaultPlugin of DefaultPlugin [roughlyenoughitems]/" done in 127.1 μs
[16:35:22] [main/TRACE] [REI] [REIPlugin END] Reloading Section: "post-register/FabricFluidAPISupportPlugin/"
[16:35:22] [main/TRACE] [REI] [REIPlugin END] Reloading Section: "post-register/FabricFluidAPISupportPlugin/" done in 27.50 μs
[16:35:22] [main/TRACE] [REI] [REIPlugin END] Reloading Section: "post-register/DefaultRuntimePlugin of DefaultRuntimePlugin [roughlyenoughitems]/"
[16:35:22] [main/TRACE] [REI] [REIPlugin END] Reloading Section: "post-register/DefaultRuntimePlugin of DefaultRuntimePlugin [roughlyenoughitems]/" done in 19.68 μs
[16:35:22] [main/TRACE] [REI] [REIPlugin END] Reloading Section: "post-register/" done in 534.5 μs
[16:35:22] [main/TRACE] [REI] [REIPlugin END] Reloading Section: "post-stage/"
[16:35:22] [main/TRACE] [REI] [REIPlugin END] Reloading Section: "post-stage/EntryTypeRegistryImpl/"
[16:35:22] [main/TRACE] [REI] [REIPlugin END] Reloading Section: "post-stage/EntryTypeRegistryImpl/" done in 17.75 μs
[16:35:22] [main/TRACE] [REI] [REIPlugin END] Reloading Section: "post-stage/EntrySettingsAdapterRegistryImpl/"
[16:35:22] [main/TRACE] [REI] [REIPlugin END] Reloading Section: "post-stage/EntrySettingsAdapterRegistryImpl/" done in 17.05 μs
[16:35:22] [main/TRACE] [REI] [REIPlugin END] Reloading Section: "post-stage/RecipeManagerContextImpl/"
[16:35:22] [main/TRACE] [REI] [REIPlugin END] Reloading Section: "post-stage/RecipeManagerContextImpl/" done in 16.86 μs
[16:35:22] [main/TRACE] [REI] [REIPlugin END] Reloading Section: "post-stage/ItemComparatorRegistryImpl/"
[16:35:22] [main/TRACE] [REI] [REIPlugin END] Reloading Section: "post-stage/ItemComparatorRegistryImpl/" done in 15.73 μs
[16:35:22] [main/TRACE] [REI] [REIPlugin END] Reloading Section: "post-stage/FluidComparatorRegistryImpl/"
[16:35:22] [main/TRACE] [REI] [REIPlugin END] Reloading Section: "post-stage/FluidComparatorRegistryImpl/" done in 15.86 μs
[16:35:22] [main/TRACE] [REI] [REIPlugin END] Reloading Section: "post-stage/DisplaySerializerRegistryImpl/"
[16:35:22] [main/TRACE] [REI] [REIPlugin END] Reloading Section: "post-stage/DisplaySerializerRegistryImpl/" done in 20.84 μs
[16:35:22] [main/TRACE] [REI] [REIPlugin END] Reloading Section: "post-stage/FluidSupportProviderImpl/"
[16:35:22] [main/TRACE] [REI] [REIPlugin END] Reloading Section: "post-stage/FluidSupportProviderImpl/" done in 18.86 μs
[16:35:22] [main/TRACE] [REI] [REIPlugin END] Reloading Section: "post-stage/" done in 398.9 μs
[16:35:22] [main/DEBUG] [REI] ========================================
[16:35:22] [main/INFO] [REI] REIPlugin finished post-reload for END in 1.140 ms, totaling 33.12 ms.
[16:35:22] [main/DEBUG] [REI] ========================================
[16:35:22] [main/DEBUG] [REI] ========================================
[16:35:22] [main/DEBUG] [REI] REIServerPlugin starting post-reload for END.
[16:35:22] [main/DEBUG] [REI] Reloadables (2):
[16:35:22] [main/DEBUG] [REI]  - MenuInfoRegistryImpl
[16:35:22] [main/DEBUG] [REI]  - SlotAccessorRegistryImpl
[16:35:22] [main/DEBUG] [REI] Plugins (3):
[16:35:22] [main/DEBUG] [REI]  - (-100.00) DefaultPlugin of DefaultPlugin [roughlyenoughitems]
[16:35:22] [main/DEBUG] [REI]  - (0.00) FabricFluidAPISupportPlugin
[16:35:22] [main/DEBUG] [REI]  - (0.00) DefaultRuntimePlugin of DefaultRuntimePlugin [roughlyenoughitems]
[16:35:22] [main/DEBUG] [REI] ========================================
[16:35:22] [main/TRACE] [REI] [REIServerPlugin END] Reloading Section: "post-register/"
[16:35:22] [main/TRACE] [REI] [REIServerPlugin END] Reloading Section: "post-register/DefaultPlugin of DefaultPlugin [roughlyenoughitems]/"
[16:35:22] [main/TRACE] [REI] [REIServerPlugin END] Reloading Section: "post-register/DefaultPlugin of DefaultPlugin [roughlyenoughitems]/" done in 36.06 μs
[16:35:22] [main/TRACE] [REI] [REIServerPlugin END] Reloading Section: "post-register/FabricFluidAPISupportPlugin/"
[16:35:22] [main/TRACE] [REI] [REIServerPlugin END] Reloading Section: "post-register/FabricFluidAPISupportPlugin/" done in 33.48 μs
[16:35:22] [main/TRACE] [REI] [REIServerPlugin END] Reloading Section: "post-register/DefaultRuntimePlugin of DefaultRuntimePlugin [roughlyenoughitems]/"
[16:35:22] [main/TRACE] [REI] [REIServerPlugin END] Reloading Section: "post-register/DefaultRuntimePlugin of DefaultRuntimePlugin [roughlyenoughitems]/" done in 112.0 μs
[16:35:22] [main/TRACE] [REI] [REIServerPlugin END] Reloading Section: "post-register/" done in 432.9 μs
[16:35:22] [main/TRACE] [REI] [REIServerPlugin END] Reloading Section: "post-stage/"
[16:35:22] [main/TRACE] [REI] [REIServerPlugin END] Reloading Section: "post-stage/MenuInfoRegistryImpl/"
[16:35:22] [main/TRACE] [REI] [REIServerPlugin END] Reloading Section: "post-stage/MenuInfoRegistryImpl/" done in 38.13 μs
[16:35:22] [main/TRACE] [REI] [REIServerPlugin END] Reloading Section: "post-stage/SlotAccessorRegistryImpl/"
[16:35:22] [main/TRACE] [REI] [REIServerPlugin END] Reloading Section: "post-stage/SlotAccessorRegistryImpl/" done in 34.28 μs
[16:35:22] [main/TRACE] [REI] [REIServerPlugin END] Reloading Section: "post-stage/" done in 239.0 μs
[16:35:22] [main/DEBUG] [REI] ========================================
[16:35:22] [main/INFO] [REI] REIServerPlugin finished post-reload for END in 798.2 μs, totaling 10.95 ms.
[16:35:22] [main/DEBUG] [REI] ========================================
